22702,0
22682,0
22662,0
22642,0
22622,0
22602,0
22582,0
22562,0
22542,0
22522,0
22902,0
22882,0
22862,0
22842,0
22822,0
22802,0
22782,0
22762,0
22742,0
22722,0
23102,0
23082,0
23062,0
23042,0
23022,0
23002,0
22982,0
22962,0
22942,0
22922,0
23302,0
23282,0
23262,0
23242,0
23222,0
23202,0
23182,0
23162,0
23142,0
23122,0
23502,0
23482,0
23462,0
23442,0
23422,0
23402,0
23382,0
23362,0
23342,0
23322,0
23702,0
23682,0
23662,0
23642,0
23622,0
23602,0
23582,0
23562,0
23542,0
23522,0
23902,0
23882,0
23862,0
23842,0
23822,0
23802,0
23782,0
23762,0
23742,0
23722,0
24102,0
24082,0
24062,0
24042,0
24022,0
24002,0
23982,0
23962,0
23942,0
23922,0
24302,0
24282,0
24262,0
24242,0
24222,0
24202,0
24182,0
24162,0
24142,0
24122,0
24502,0
24482,0
24462,0
24442,0
24422,0
24402,0
24382,0
24362,0
24342,0
24322,0
24702,0
24682,0
24662,0
24642,0
24622,0
24602,0
24582,0
24562,0
24542,0
24522,0
24902,0
24882,0
24862,0
24842,0
24822,0
24802,0
24782,0
24762,0
24742,0
24722,0
25102,0
25082,0
25062,0
25042,0
25022,0
25002,0
24982,0
24962,0
24942,0
24922,0
25302,0
25282,0
25262,0
25242,0
25222,0
25202,0
25182,0
25162,0
25142,0
25122,0
25502,0
25482,0
25462,0
25442,0
25422,0
25402,0
25382,0
25362,0
25342,0
25322,0
25702,0
25682,0
25662,0
25642,0
25622,0
25602,0
25582,0
25562,0
25542,0
25522,0
25902,-2
25882,-2
25862,-2
25842,-2
25822,-1
25802,-1
25782,0
25762,0
25742,0
25722,0
26102,-8
26082,-6
26062,-5
26042,-6
26022,-6
26002,-5
25982,-4
25962,-3
25942,-2
25922,-2
26302,-26
26282,-23
26262,-21
26242,-21
26222,-18
26202,-16
26182,-13
26162,-14
26142,-11
26122,-10
26502,-54
26482,-51
26462,-50
26442,-47
26422,-43
26402,-40
26382,-36
26362,-33
26342,-29
26322,-30
26702,-79
26682,-75
26662,-73
26642,-72
26622,-68
26602,-65
26582,-65
26562,-61
26542,-57
26522,-58
26902,-107
26882,-103
26862,-101
26842,-100
26822,-97
26802,-93
26782,-93
26762,-90
26742,-87
26722,-82
27102,-129
27082,-125
27062,-126
27042,-123
27022,-119
27002,-117
26982,-116
26962,-113
26942,-109
26922,-110
27302,-149
27282,-149
27262,-146
27242,-143
27222,-141
27202,-141
27182,-138
27162,-135
27142,-134
27122,-132
27502,-171
27482,-168
27462,-165
27442,-166
27422,-163
27402,-160
27382,-157
27362,-158
27342,-155
27322,-152
27702,-190
27682,-190
27662,-187
27642,-185
27622,-182
27602,-182
27582,-179
27562,-177
27542,-173
27522,-174
27902,-212
27882,-209
27862,-206
27842,-206
27822,-203
27802,-201
27782,-198
27762,-198
27742,-195
27722,-193
28102,-229
28082,-230
28062,-227
28042,-225
28022,-222
28002,-222
27982,-220
27962,-217
27942,-215
27922,-213
28302,-244
28282,-243
28262,-243
28242,-241
28222,-240
28202,-238
28182,-237
28162,-235
28142,-233
28122,-231
28502,-244
28482,-244
28462,-244
28442,-244
28422,-244
28402,-244
28382,-244
28362,-244
28342,-244
28322,-244
28702,-226
28682,-227
28662,-231
28642,-234
28622,-235
28602,-238
28582,-241
28562,-241
28542,-241
28522,-243
28902,-187
28882,-192
28862,-194
28842,-199
28822,-201
28802,-207
28782,-209
28762,-215
28742,-217
28722,-221
29102,-152
29082,-153
29062,-158
29042,-162
29022,-164
29002,-170
28982,-171
28962,-177
28942,-179
28922,-185
29302,-122
29282,-123
29262,-127
29242,-130
29222,-132
29202,-136
29182,-137
29162,-141
29142,-146
29122,-147
29502,-92
29482,-96
29462,-97
29442,-100
29422,-105
29402,-105
29382,-109
29362,-114
29342,-114
29322,-118
29702,-59
29682,-64
29662,-65
29642,-70
29622,-74
29602,-76
29582,-81
29562,-82
29542,-86
29522,-90
29902,-26
29882,-31
29862,-33
29842,-36
29822,-41
29802,-43
29782,-47
29762,-49
29742,-53
29722,-58
30102,4
30082,0
30062,-1
30042,-5
30022,-9
30002,-10
29982,-14
29962,-18
29942,-20
29922,-25
30302,27
30282,24
30262,23
30242,21
30222,19
30202,15
30182,15
30162,12
30142,8
30122,7
30502,42
30482,43
30462,43
30442,41
30422,40
30402,38
30382,36
30362,34
30342,31
30322,29
30702,44
30682,44
30662,44
30642,44
30622,44
30602,44
30582,44
30562,44
30542,43
30522,42
30902,38
30882,40
30862,41
30842,43
30822,42
30802,42
30782,43
30762,44
30742,44
30722,44
31102,15
31082,19
31062,21
31042,24
31022,27
31002,28
30982,31
30962,34
30942,34
30922,36
31302,-25
31282,-22
31262,-15
31242,-13
31222,-7
31202,-4
31182,2
31162,4
31142,9
31122,10
31502,-79
31482,-73
31462,-68
31442,-64
31422,-57
31402,-53
31382,-49
31362,-42
31342,-39
31322,-32
31702,-129
31682,-122
31662,-119
31642,-113
31622,-108
31602,-105
31582,-97
31562,-94
31542,-90
31522,-83
31902,-177
31882,-174
31862,-168
31842,-161
31822,-155
31802,-152
31782,-146
31762,-143
31742,-137
31722,-133
32102,-216
32082,-210
32062,-205
32042,-204
32022,-199
32002,-197
31982,-192
31962,-190
31942,-185
31922,-182
32302,-247
32282,-244
32262,-241
32242,-239
32222,-235
32202,-234
32182,-230
32162,-226
32142,-225
32122,-220
32502,-265
32482,-266
32462,-263
32442,-261
32422,-259
32402,-257
32382,-257
32362,-254
32342,-251
32322,-249
32702,-276
32682,-275
32662,-274
32642,-274
32622,-274
32602,-272
32582,-271
32562,-270
32542,-268
32522,-267
32902,-276
32882,-276
32862,-276
32842,-276
32822,-276
32802,-276
32782,-276
32762,-276
32742,-276
32722,-276
33102,-276
33082,-276
33062,-276
33042,-276
33022,-276
33002,-276
32982,-276
32962,-276
32942,-276
32922,-276
33302,-276
33282,-276
33262,-276
33242,-276
33222,-276
33202,-276
33182,-276
33162,-276
33142,-276
33122,-276
33502,-276
33482,-276
33462,-276
33442,-276
33422,-276
33402,-276
33382,-276
33362,-276
33342,-276
33322,-276
33702,-276
33682,-276
33662,-276
33642,-276
33622,-276
33602,-276
33582,-276
33562,-276
33542,-276
33522,-276
33902,-276
33882,-276
33862,-276
33842,-276
33822,-276
33802,-276
33782,-276
33762,-276
33742,-276
33722,-276
34102,-276
34082,-276
34062,-276
34042,-276
34022,-276
34002,-276
33982,-276
33962,-276
33942,-276
33922,-276
34302,-276
34282,-276
34262,-276
34242,-276
34222,-276
34202,-276
34182,-276
34162,-276
34142,-276
34122,-276
34502,-272
34482,-272
34462,-272
34442,-273
34422,-274
34402,-276
34382,-276
34362,-276
34342,-276
34322,-276
34702,-266
34682,-268
34662,-268
34642,-269
34622,-272
34602,-272
34582,-272
34562,-272
34542,-272
34522,-272
34902,-273
34882,-271
34862,-269
34842,-267
34822,-266
34802,-266
34782,-266
34762,-266
34742,-266
34722,-266
35102,-303
35082,-301
35062,-295
35042,-294
35022,-289
35002,-285
34982,-281
34962,-278
34942,-274
34922,-273
35302,-354
35282,-349
35262,-341
35242,-336
35222,-333
35202,-325
35182,-321
35162,-318
35142,-311
35122,-308
35502,-414
35482,-410
35462,-403
35442,-398
35422,-390
35402,-381
35382,-377
35362,-372
35342,-365
35322,-359
35702,-465
35682,-462
35662,-456
35642,-454
35622,-447
35602,-444
35582,-437
35562,-433
35542,-430
35522,-423
35902,-497
35882,-493
35862,-493
35842,-488
35822,-485
35802,-483
35782,-479
35762,-477
35742,-472
35722,-470
36102,-523
36082,-520
36062,-517
36042,-514
36022,-511
36002,-509
35982,-508
35962,-505
35942,-501
35922,-501
36302,-547
36282,-545
36262,-542
36242,-541
36222,-538
36202,-536
36182,-533
36162,-530
36142,-528
36122,-526
36502,-564
36482,-563
36462,-561
36442,-560
36422,-559
36402,-557
36382,-554
36362,-553
36342,-551
36322,-549
36702,-574
36682,-573
36662,-573
36642,-572
36622,-571
36602,-570
36582,-569
36562,-568
36542,-566
36522,-566
36902,-583
36882,-582
36862,-581
36842,-580
36822,-578
36802,-578
36782,-577
36762,-576
36742,-575
36722,-575
37102,-591
37082,-591
37062,-589
37042,-589
37022,-590
37002,-589
36982,-588
36962,-587
36942,-586
36922,-584
37302,-602
37282,-600
37262,-600
37242,-598
37222,-598
37202,-597
37182,-596
37162,-594
37142,-594
37122,-593
37502,-610
37482,-608
37462,-608
37442,-607
37422,-606
37402,-606
37382,-605
37362,-604
37342,-603
37322,-603
37702,-619
37682,-618
37662,-617
37642,-616
37622,-615
37602,-614
37582,-613
37562,-612
37542,-610
37522,-610
37902,-630
37882,-629
37862,-627
37842,-627
37822,-625
37802,-624
37782,-622
37762,-622
37742,-621
37722,-620
38102,-637
38082,-636
38062,-635
38042,-634
38022,-633
38002,-633
37982,-634
37962,-633
37942,-632
37922,-631
38302,-646
38282,-645
38262,-644
38242,-642
38222,-642
38202,-641
38182,-640
38162,-640
38142,-638
38122,-638
38502,-654
38482,-654
38462,-652
38442,-652
38422,-651
38402,-650
38382,-649
38362,-648
38342,-648
38322,-647
38702,-663
38682,-662
38662,-661
38642,-660
38622,-660
38602,-659
38582,-658
38562,-657
38542,-656
38522,-654
38902,-672
38882,-671
38862,-670
38842,-669
38822,-668
38802,-668
38782,-666
38762,-666
38742,-665
38722,-664
39102,-681
39082,-680
39062,-679
39042,-678
39022,-678
39002,-676
38982,-675
38962,-674
38942,-674
38922,-673
39302,-690
39282,-689
39262,-688
39242,-687
39222,-686
39202,-685
39182,-684
39162,-684
39142,-683
39122,-682
39502,-698
39482,-698
39462,-697
39442,-696
39422,-695
39402,-694
39382,-693
39362,-692
39342,-692
39322,-690
39702,-706
39682,-705
39662,-704
39642,-704
39622,-702
39602,-702
39582,-701
39562,-700
39542,-700
39522,-699
39902,-714
39882,-713
39862,-712
39842,-712
39822,-711
39802,-710
39782,-709
39762,-708
39742,-708
39722,-707
40102,-718
40082,-717
40062,-716
40042,-716
40022,-715
40002,-714
39982,-713
39962,-713
39942,-713
39922,-714
40302,-724
40282,-723
40262,-723
40242,-721
40222,-721
40202,-722
40182,-722
40162,-721
40142,-720
40122,-719
40502,-729
40482,-729
40462,-729
40442,-730
40422,-730
40402,-729
40382,-728
40362,-727
40342,-726
40322,-725
40702,-732
40682,-732
40662,-732
40642,-732
40622,-732
40602,-731
40582,-731
40562,-730
40542,-730
40522,-729
40902,-730
40882,-731
40862,-731
40842,-731
40822,-731
40802,-732
40782,-732
40762,-732
40742,-732
40722,-732
41102,-728
41082,-729
41062,-730
41042,-730
41022,-730
41002,-730
40982,-729
40962,-729
40942,-729
40922,-729
41302,-725
41282,-725
41262,-725
41242,-725
41222,-726
41202,-726
41182,-727
41162,-727
41142,-728
41122,-728
41502,-724
41482,-724
41462,-724
41442,-724
41422,-724
41402,-724
41382,-724
41362,-724
41342,-724
41322,-724
41702,-724
41682,-724
41662,-724
41642,-724
41622,-724
41602,-724
41582,-724
41562,-724
41542,-724
41522,-724
41902,-724
41882,-724
41862,-724
41842,-724
41822,-724
41802,-724
41782,-724
41762,-724
41742,-724
41722,-724
42102,-724
42082,-724
42062,-724
42042,-724
42022,-724
42002,-724
41982,-724
41962,-724
41942,-724
41922,-724
42302,-724
42282,-724
42262,-724
42242,-724
42222,-724
42202,-724
42182,-724
42162,-724
42142,-724
42122,-724
42502,-724
42482,-724
42462,-724
42442,-724
42422,-724
42402,-724
42382,-724
42362,-724
42342,-724
42322,-724
42702,-724
42682,-724
42662,-724
42642,-724
42622,-724
42602,-724
42582,-724
42562,-724
42542,-724
42522,-724
42902,-724
42882,-724
42862,-724
42842,-724
42822,-724
42802,-724
42782,-724
42762,-724
42742,-724
42722,-724
43102,-724
43082,-724
43062,-724
43042,-724
43022,-724
43002,-724
42982,-724
42962,-724
42942,-724
42922,-724
43302,-724
43282,-724
43262,-724
43242,-724
43222,-724
43202,-724
43182,-724
43162,-724
43142,-724
43122,-724
43502,-724
43482,-724
43462,-724
43442,-724
43422,-724
43402,-724
43382,-724
43362,-724
43342,-724
43322,-724
43702,-724
43682,-724
43662,-724
43642,-724
43622,-724
43602,-724
43582,-724
43562,-724
43542,-724
43522,-724
43902,-724
43882,-724
43862,-724
43842,-724
43822,-724
43802,-724
43782,-724
43762,-724
43742,-724
43722,-724
44102,-722
44082,-722
44062,-722
44042,-723
44022,-724
44002,-724
43982,-724
43962,-724
43942,-724
43922,-724
44302,-722
44282,-722
44262,-722
44242,-722
44222,-722
44202,-722
44182,-722
44162,-722
44142,-722
44122,-722
44502,-730
44482,-729
44462,-729
44442,-730
44422,-728
44402,-727
44382,-725
44362,-725
44342,-723
44322,-722
44702,-738
44682,-737
44662,-738
44642,-738
44622,-737
44602,-736
44582,-734
44562,-734
44542,-733
44522,-731
44902,-749
44882,-747
44862,-746
44842,-745
44822,-746
44802,-746
44782,-743
44762,-742
44742,-741
44722,-739
45102,-758
45082,-758
45062,-756
45042,-755
45022,-754
45002,-753
44982,-754
44962,-754
44942,-751
44922,-750
45302,-766
45282,-766
45262,-765
45242,-763
45222,-762
45202,-761
45182,-761
45162,-762
45142,-761
45122,-760
45502,-773
45482,-773
45462,-771
45442,-771
45422,-769
45402,-769
45382,-769
45362,-770
45342,-769
45322,-768
45702,-779
45682,-777
45662,-777
45642,-778
45622,-778
45602,-777
45582,-776
45562,-775
45542,-774
45522,-774
45902,-785
45882,-784
45862,-786
45842,-786
45822,-784
45802,-783
45782,-782
45762,-781
45742,-780
45722,-779
46102,-793
46082,-792
46062,-792
46042,-791
46022,-790
46002,-790
45982,-789
45962,-788
45942,-787
45922,-786
46302,-806
46282,-804
46262,-802
46242,-801
46222,-799
46202,-798
46182,-797
46162,-796
46142,-794
46122,-794
46502,-815
46482,-813
46462,-814
46442,-814
46422,-811
46402,-810
46382,-809
46362,-807
46342,-805
46322,-806
46702,-832
46682,-830
46662,-827
46642,-825
46622,-823
46602,-821
46582,-822
46562,-820
46542,-818
46522,-817
46902,-849
46882,-849
46862,-847
46842,-844
46822,-842
46802,-842
46782,-841
46762,-838
46742,-836
46722,-834
47102,-872
47082,-869
47062,-870
47042,-867
47022,-864
47002,-861
46982,-858
46962,-855
46942,-853
46922,-851
47302,-897
47282,-894
47262,-891
47242,-889
47222,-890
47202,-887
47182,-884
47162,-881
47142,-878
47122,-875
47502,-915
47482,-913
47462,-911
47442,-909
47422,-910
47402,-908
47382,-906
47362,-904
47342,-901
47322,-898
47702,-929
47682,-930
47662,-929
47642,-927
47622,-925
47602,-924
47582,-923
47562,-921
47542,-918
47522,-917
47902,-942
47882,-941
47862,-938
47842,-938
47822,-937
47802,-935
47782,-933
47762,-932
47742,-931
47722,-929
48102,-951
48082,-951
48062,-949
48042,-949
48022,-950
48002,-949
47982,-947
47962,-946
47942,-945
47922,-943
48302,-959
48282,-958
48262,-957
48242,-957
48222,-958
48202,-957
48182,-956
48162,-955
48142,-954
48122,-953
48502,-967
48482,-965
48462,-965
48442,-966
48422,-965
48402,-964
48382,-962
48362,-962
48342,-960
48322,-960
48702,-986
48682,-983
48662,-982
48642,-979
48622,-977
48602,-974
48582,-973
48562,-971
48542,-970
48522,-968
48902,-1011
48882,-1009
48862,-1009
48842,-1006
48822,-1004
48802,-1001
48782,-998
48762,-995
48742,-992
48722,-989
49102,-1034
49082,-1032
49062,-1029
49042,-1030
49022,-1028
49002,-1025
48982,-1023
48962,-1020
48942,-1017
48922,-1014
49302,-1053
49282,-1051
49262,-1049
49242,-1050
49222,-1048
49202,-1046
49182,-1044
49162,-1041
49142,-1038
49122,-1037
49502,-1065
49482,-1063
49462,-1062
49442,-1061
49422,-1059
49402,-1057
49382,-1057
49362,-1058
49342,-1056
49322,-1054
49702,-1076
49682,-1076
49662,-1074
49642,-1074
49622,-1073
49602,-1071
49582,-1071
49562,-1069
49542,-1068
49522,-1066
49902,-1080
49882,-1080
49862,-1079
49842,-1078
49822,-1078
49802,-1077
49782,-1077
49762,-1078
49742,-1078
49722,-1078
50102,-1088
50082,-1088
50062,-1086
50042,-1086
50022,-1085
50002,-1084
49982,-1083
49962,-1082
49942,-1082
49922,-1081
50302,-1102
50282,-1100
50262,-1098
50242,-1097
50222,-1096
50202,-1094
50182,-1093
50162,-1092
50142,-1091
50122,-1090
50502,-1121
50482,-1118
50462,-1117
50442,-1115
50422,-1112
50402,-1110
50382,-1109
50362,-1107
50342,-1105
50322,-1103
50702,-1143
50682,-1141
50662,-1139
50642,-1136
50622,-1134
50602,-1131
50582,-1130
50562,-1127
50542,-1125
50522,-1122
50902,-1163
50882,-1161
50862,-1158
50842,-1157
50822,-1155
50802,-1153
50782,-1151
50762,-1149
50742,-1146
50722,-1145
51102,-1174
51082,-1173
51062,-1171
51042,-1170
51022,-1169
51002,-1170
50982,-1170
50962,-1168
50942,-1166
50922,-1165
51302,-1180
51282,-1179
51262,-1179
51242,-1177
51222,-1177
51202,-1178
51182,-1178
51162,-1177
51142,-1176
51122,-1174
51502,-1188
51482,-1186
51462,-1186
51442,-1185
51422,-1184
51402,-1184
51382,-1183
51362,-1182
51342,-1181
51322,-1180
51702,-1198
51682,-1197
51662,-1196
51642,-1194
51622,-1194
51602,-1192
51582,-1192
51562,-1191
51542,-1190
51522,-1188
51902,-1205
51882,-1205
51862,-1204
51842,-1204
51822,-1204
51802,-1203
51782,-1202
51762,-1201
51742,-1200
51722,-1198
52102,-1206
52082,-1206
52062,-1206
52042,-1206
52022,-1206
52002,-1206
51982,-1206
51962,-1206
51942,-1206
51922,-1205
52302,-1207
52282,-1207
52262,-1207
52242,-1207
52222,-1207
52202,-1207
52182,-1206
52162,-1206
52142,-1206
52122,-1206
52502,-1207
52482,-1207
52462,-1207
52442,-1207
52422,-1207
52402,-1207
52382,-1207
52362,-1207
52342,-1207
52322,-1207
52702,-1206
52682,-1206
52662,-1206
52642,-1206
52622,-1206
52602,-1206
52582,-1206
52562,-1206
52542,-1207
52522,-1207
52902,-1206
52882,-1206
52862,-1206
52842,-1206
52822,-1206
52802,-1206
52782,-1206
52762,-1206
52742,-1206
52722,-1206
53102,-1206
53082,-1206
53062,-1206
53042,-1206
53022,-1206
53002,-1206
52982,-1206
52962,-1206
52942,-1206
52922,-1206
53302,-1206
53282,-1206
53262,-1206
53242,-1206
53222,-1206
53202,-1206
53182,-1206
53162,-1206
53142,-1206
53122,-1206
53502,-1206
53482,-1206
53462,-1206
53442,-1206
53422,-1206
53402,-1206
53382,-1206
53362,-1206
53342,-1206
53322,-1206
53702,-1206
53682,-1206
53662,-1206
53642,-1206
53622,-1206
53602,-1206
53582,-1206
53562,-1206
53542,-1206
53522,-1206
53902,-1206
53882,-1206
53862,-1206
53842,-1206
53822,-1206
53802,-1206
53782,-1206
53762,-1206
53742,-1206
53722,-1206
54102,-1205
54082,-1205
54062,-1205
54042,-1205
54022,-1205
54002,-1205
53982,-1206
53962,-1206
53942,-1206
53922,-1206
54302,-1205
54282,-1205
54262,-1205
54242,-1205
54222,-1205
54202,-1205
54182,-1205
54162,-1205
54142,-1205
54122,-1205
54502,-1206
54482,-1206
54462,-1206
54442,-1205
54422,-1205
54402,-1205
54382,-1205
54362,-1205
54342,-1205
54322,-1205
54702,-1207
54682,-1207
54662,-1206
54642,-1206
54622,-1206
54602,-1206
54582,-1206
54562,-1206
54542,-1206
54522,-1206
54902,-1212
54882,-1211
54862,-1209
54842,-1209
54822,-1210
54802,-1210
54782,-1208
54762,-1208
54742,-1208
54722,-1207
55102,-1222
55082,-1222
55062,-1221
55042,-1219
55022,-1218
55002,-1217
54982,-1218
54962,-1217
54942,-1215
54922,-1214
55302,-1230
55282,-1230
55262,-1229
55242,-1227
55222,-1227
55202,-1225
55182,-1225
55162,-1226
55142,-1226
55122,-1225
55502,-1234
55482,-1234
55462,-1234
55442,-1234
55422,-1234
55402,-1234
55382,-1233
55362,-1232
55342,-1232
55322,-1231
55702,-1233
55682,-1233
55662,-1233
55642,-1233
55622,-1233
55602,-1233
55582,-1233
55562,-1233
55542,-1233
55522,-1233
55902,-1233
55882,-1233
55862,-1233
55842,-1233
55822,-1233
55802,-1233
55782,-1233
55762,-1233
55742,-1233
55722,-1233
56102,-1233
56082,-1233
56062,-1233
56042,-1233
56022,-1233
56002,-1233
55982,-1233
55962,-1233
55942,-1233
55922,-1233
56302,-1233
56282,-1233
56262,-1233
56242,-1233
56222,-1233
56202,-1233
56182,-1233
56162,-1233
56142,-1233
56122,-1233
56502,-1233
56482,-1233
56462,-1233
56442,-1233
56422,-1233
56402,-1233
56382,-1233
56362,-1233
56342,-1233
56322,-1233
56702,-1233
56682,-1233
56662,-1233
56642,-1233
56622,-1233
56602,-1233
56582,-1233
56562,-1233
56542,-1233
56522,-1233
56902,-1233
56882,-1233
56862,-1233
56842,-1233
56822,-1233
56802,-1233
56782,-1233
56762,-1233
56742,-1233
56722,-1233
57102,-1238
57082,-1237
57062,-1236
57042,-1235
57022,-1234
57002,-1234
56982,-1233
56962,-1233
56942,-1233
56922,-1233
57302,-1250
57282,-1248
57262,-1247
57242,-1245
57222,-1243
57202,-1242
57182,-1241
57162,-1242
57142,-1241
57122,-1239
57502,-1257
57482,-1258
57462,-1258
57442,-1257
57422,-1255
57402,-1254
57382,-1253
57362,-1251
57342,-1249
57322,-1249
57702,-1262
57682,-1261
57662,-1261
57642,-1261
57622,-1260
57602,-1260
57582,-1260
57562,-1259
57542,-1259
57522,-1257
57902,-1262
57882,-1262
57862,-1262
57842,-1262
57822,-1262
57802,-1262
57782,-1262
57762,-1262
57742,-1262
57722,-1262
58102,-1262
58082,-1262
58062,-1262
58042,-1262
58022,-1262
58002,-1262
57982,-1262
57962,-1262
57942,-1262
57922,-1262
58302,-1284
58282,-1281
58262,-1274
58242,-1272
58222,-1267
58202,-1265
58182,-1265
58162,-1263
58142,-1262
58122,-1262
58502,-1346
58482,-1339
58462,-1334
58442,-1329
58422,-1321
58402,-1315
58382,-1309
58362,-1303
58342,-1297
58322,-1289
58702,-1386
58682,-1382
58662,-1377
58642,-1376
58622,-1371
58602,-1369
58582,-1363
58562,-1360
58542,-1354
58522,-1351
58902,-1410
58882,-1407
58862,-1404
58842,-1401
58822,-1402
58802,-1399
58782,-1395
58762,-1393
58742,-1391
58722,-1388
59102,-1425
59082,-1424
59062,-1423
59042,-1421
59022,-1422
59002,-1421
58982,-1419
58962,-1417
58942,-1415
58922,-1412
59302,-1432
59282,-1432
59262,-1432
59242,-1430
59222,-1430
59202,-1430
59182,-1429
59162,-1428
59142,-1427
59122,-1426
59502,-1432
59482,-1432
59462,-1432
59442,-1432
59422,-1432
59402,-1432
59382,-1432
59362,-1432
59342,-1432
59322,-1432
59702,-1432
59682,-1432
59662,-1432
59642,-1432
59622,-1432
59602,-1432
59582,-1432
59562,-1432
59542,-1432
59522,-1432
59902,-1442
59882,-1439
59862,-1435
59842,-1434
59822,-1432
59802,-1432
59782,-1432
59762,-1432
59742,-1432
59722,-1432
60102,-1489
60082,-1486
60062,-1480
60042,-1473
60022,-1470
60002,-1463
59982,-1457
59962,-1451
59942,-1449
59922,-1443
60302,-1530
60282,-1530
60262,-1527
60242,-1523
60222,-1518
60202,-1514
60182,-1509
60162,-1507
60142,-1501
60122,-1495
60502,-1545
60482,-1544
60462,-1543
60442,-1542
60422,-1541
60402,-1539
60382,-1537
60362,-1538
60342,-1536
60322,-1533
60702,-1546
60682,-1546
60662,-1546
60642,-1546
60622,-1546
60602,-1546
60582,-1546
60562,-1546
60542,-1546
60522,-1546
60902,-1546
60882,-1546
60862,-1546
60842,-1546
60822,-1546
60802,-1546
60782,-1546
60762,-1546
60742,-1546
60722,-1546
61102,-1546
61082,-1546
61062,-1546
61042,-1546
61022,-1546
61002,-1546
60982,-1546
60962,-1546
60942,-1546
60922,-1546
61302,-1546
61282,-1546
61262,-1546
61242,-1546
61222,-1546
61202,-1546
61182,-1546
61162,-1546
61142,-1546
61122,-1546
61502,-1569
61482,-1564
61462,-1559
61442,-1556
61422,-1553
61402,-1553
61382,-1550
61362,-1548
61342,-1546
61322,-1545
61702,-1601
61682,-1597
61662,-1597
61642,-1592
61622,-1589
61602,-1587
61582,-1582
61562,-1580
61542,-1575
61522,-1574
61902,-1617
61882,-1617
61862,-1616
61842,-1616
61822,-1615
61802,-1614
61782,-1612
61762,-1610
61742,-1608
61722,-1604
62102,-1616
62082,-1616
62062,-1616
62042,-1616
62022,-1617
62002,-1617
61982,-1617
61962,-1617
61942,-1617
61922,-1617
62302,-1616
62282,-1616
62262,-1616
62242,-1616
62222,-1616
62202,-1616
62182,-1616
62162,-1616
62142,-1616
62122,-1616
62502,-1616
62482,-1616
62462,-1616
62442,-1616
62422,-1616
62402,-1616
62382,-1616
62362,-1616
62342,-1616
62322,-1616
62702,-1616
62682,-1616
62662,-1616
62642,-1616
62622,-1616
62602,-1616
62582,-1616
62562,-1616
62542,-1616
62522,-1616
62902,-1616
62882,-1616
62862,-1616
62842,-1616
62822,-1616
62802,-1616
62782,-1616
62762,-1616
62742,-1616
62722,-1616
63102,-1616
63082,-1616
63062,-1616
63042,-1616
63022,-1616
63002,-1616
62982,-1616
62962,-1616
62942,-1616
62922,-1616
63302,-1616
63282,-1616
63262,-1616
63242,-1616
63222,-1616
63202,-1616
63182,-1616
63162,-1616
63142,-1616
63122,-1616
63502,-1616
63482,-1616
63462,-1616
63442,-1616
63422,-1616
63402,-1616
63382,-1616
63362,-1616
63342,-1616
63322,-1616
63702,-1616
63682,-1616
63662,-1616
63642,-1616
63622,-1616
63602,-1616
63582,-1616
63562,-1616
63542,-1616
63522,-1616
63902,-1616
63882,-1616
63862,-1616
63842,-1616
63822,-1616
63802,-1616
63782,-1616
63762,-1616
63742,-1616
63722,-1616
64102,-1616
64082,-1616
64062,-1616
64042,-1616
64022,-1616
64002,-1616
63982,-1616
63962,-1616
63942,-1616
63922,-1616
64302,-1616
64282,-1616
64262,-1616
64242,-1616
64222,-1616
64202,-1616
64182,-1616
64162,-1616
64142,-1616
64122,-1616
64502,-1616
64482,-1616
64462,-1616
64442,-1616
64422,-1616
64402,-1616
64382,-1616
64362,-1616
64342,-1616
64322,-1616
64702,-1617
64682,-1617
64662,-1617
64642,-1617
64622,-1617
64602,-1618
64582,-1618
64562,-1617
64542,-1616
64522,-1616
64902,-1617
64882,-1617
64862,-1617
64842,-1617
64822,-1617
64802,-1617
64782,-1617
64762,-1617
64742,-1617
64722,-1617
65102,-1617
65082,-1617
65062,-1617
65042,-1617
65022,-1617
65002,-1617
64982,-1617
64962,-1617
64942,-1617
64922,-1617
65302,-1663
65282,-1655
65262,-1648
65242,-1641
65222,-1633
65202,-1628
65182,-1625
65162,-1621
65142,-1619
65122,-1617
65502,-1739
65482,-1734
65462,-1728
65442,-1721
65422,-1714
65402,-1706
65382,-1698
65362,-1689
65342,-1681
65322,-1672
65702,-1789
65682,-1786
65662,-1781
65642,-1778
65622,-1771
65602,-1768
65582,-1761
65562,-1757
65542,-1753
65522,-1745
65902,-1822
65882,-1818
65862,-1818
65842,-1813
65822,-1809
65802,-1808
65782,-1803
65762,-1802
65742,-1796
65722,-1794
66102,-1842
66082,-1841
66062,-1840
66042,-1838
66022,-1835
66002,-1833
65982,-1832
65962,-1829
65942,-1825
65922,-1826
66302,-1859
66282,-1857
66262,-1858
66242,-1856
66222,-1854
66202,-1851
66182,-1849
66162,-1850
66142,-1847
66122,-1845
66502,-1874
66482,-1874
66462,-1871
66442,-1869
66422,-1867
66402,-1865
66382,-1866
66362,-1865
66342,-1863
66322,-1861
66702,-1885
66682,-1883
66662,-1882
66642,-1881
66622,-1882
66602,-1881
66582,-1879
66562,-1878
66542,-1875
66522,-1874
66902,-1892
66882,-1891
66862,-1890
66842,-1889
66822,-1889
66802,-1890
66782,-1890
66762,-1889
66742,-1887
66722,-1886
67102,-1899
67082,-1898
67062,-1897
67042,-1897
67022,-1898
67002,-1897
66982,-1896
66962,-1895
66942,-1894
66922,-1893
67302,-1910
67282,-1909
67262,-1907
67242,-1905
67222,-1905
67202,-1906
67182,-1905
67162,-1903
67142,-1902
67122,-1900
67502,-1921
67482,-1919
67462,-1918
67442,-1917
67422,-1915
67402,-1914
67382,-1913
67362,-1914
67342,-1913
67322,-1911
67702,-1928
67682,-1927
67662,-1926
67642,-1925
67622,-1924
67602,-1923
67582,-1922
67562,-1921
67542,-1922
67522,-1922
67902,-1935
67882,-1934
67862,-1933
67842,-1932
67822,-1931
67802,-1930
67782,-1929
67762,-1929
67742,-1930
67722,-1930
68102,-1942
68082,-1942
68062,-1941
68042,-1939
68022,-1939
68002,-1937
67982,-1937
67962,-1938
67942,-1938
67922,-1936
68302,-1950
68282,-1950
68262,-1949
68242,-1947
68222,-1946
68202,-1945
68182,-1946
68162,-1946
68142,-1945
68122,-1944
68502,-1953
68482,-1953
68462,-1953
68442,-1954
68422,-1954
68402,-1954
68382,-1954
68362,-1953
68342,-1952
68322,-1951
68702,-1953
68682,-1953
68662,-1953
68642,-1953
68622,-1953
68602,-1953
68582,-1953
68562,-1953
68542,-1953
68522,-1953
68902,-1953
68882,-1953
68862,-1953
68842,-1953
68822,-1953
68802,-1953
68782,-1953
68762,-1953
68742,-1953
68722,-1953
69102,-1953
69082,-1953
69062,-1953
69042,-1953
69022,-1953
69002,-1953
68982,-1953
68962,-1953
68942,-1953
68922,-1953
69302,-1953
69282,-1953
69262,-1953
69242,-1953
69222,-1953
69202,-1953
69182,-1953
69162,-1953
69142,-1953
69122,-1953
69502,-1953
69482,-1953
69462,-1953
69442,-1953
69422,-1953
69402,-1953
69382,-1953
69362,-1953
69342,-1953
69322,-1953
69702,-1953
69682,-1953
69662,-1953
69642,-1953
69622,-1953
69602,-1953
69582,-1953
69562,-1953
69542,-1953
69522,-1953
69902,-1953
69882,-1953
69862,-1953
69842,-1953
69822,-1953
69802,-1953
69782,-1953
69762,-1953
69742,-1953
69722,-1953
70102,-1953
70082,-1953
70062,-1953
70042,-1953
70022,-1953
70002,-1953
69982,-1953
69962,-1953
69942,-1953
69922,-1953
70302,-1953
70282,-1953
70262,-1953
70242,-1953
70222,-1953
70202,-1953
70182,-1953
70162,-1953
70142,-1953
70122,-1953
70502,-1956
70482,-1955
70462,-1955
70442,-1954
70422,-1953
70402,-1953
70382,-1953
70362,-1953
70342,-1953
70322,-1953
70702,-1969
70682,-1967
70662,-1963
70642,-1961
70622,-1962
70602,-1961
70582,-1960
70562,-1959
70542,-1958
70522,-1957
70902,-2046
70882,-2037
70862,-2028
70842,-2019
70822,-2010
70802,-2001
70782,-1993
70762,-1987
70742,-1980
70722,-1975
71102,-2114
71082,-2107
71062,-2102
71042,-2098
71022,-2089
71002,-2084
70982,-2077
70962,-2070
70942,-2063
70922,-2055
71302,-2153
71282,-2153
71262,-2147
71242,-2145
71222,-2139
71202,-2137
71182,-2131
71162,-2128
71142,-2121
71122,-2118
71502,-2180
71482,-2177
71462,-2178
71442,-2174
71422,-2171
71402,-2170
71382,-2167
71362,-2163
71342,-2162
71322,-2158
71702,-2198
71682,-2195
71662,-2193
71642,-2194
71622,-2192
71602,-2190
71582,-2187
71562,-2185
71542,-2186
71522,-2183
71902,-2212
71882,-2210
71862,-2209
71842,-2210
71822,-2207
71802,-2206
71782,-2203
71762,-2201
71742,-2202
71722,-2200
72102,-2218
72082,-2218
72062,-2217
72042,-2217
72022,-2217
72002,-2218
71982,-2218
71962,-2217
71942,-2215
71922,-2214
72302,-2218
72282,-2218
72262,-2218
72242,-2218
72222,-2218
72202,-2218
72182,-2218
72162,-2218
72142,-2218
72122,-2218
72502,-2191
72482,-2196
72462,-2201
72442,-2207
72422,-2209
72402,-2214
72382,-2217
72362,-2217
72342,-2217
72322,-2218
72702,-2100
72682,-2111
72662,-2122
72642,-2129
72622,-2139
72602,-2149
72582,-2159
72562,-2168
72542,-2177
72522,-2184
72902,-2023
72882,-2029
72862,-2035
72842,-2041
72822,-2049
72802,-2058
72782,-2066
72762,-2074
72742,-2081
72722,-2091
73102,-1977
73082,-1982
73062,-1985
73042,-1989
73022,-1994
73002,-1997
72982,-2001
72962,-2007
72942,-2011
72922,-2018
73302,-1956
73282,-1958
73262,-1960
73242,-1962
73222,-1963
73202,-1965
73182,-1969
73162,-1969
73142,-1972
73122,-1977
73502,-1945
73482,-1945
73462,-1945
73442,-1947
73422,-1948
73402,-1949
73382,-1951
73362,-1953
73342,-1953
73322,-1953
73702,-1946
73682,-1946
73662,-1946
73642,-1946
73622,-1946
73602,-1946
73582,-1946
73562,-1946
73542,-1946
73522,-1946
73902,-1947
73882,-1945
73862,-1946
73842,-1946
73822,-1946
73802,-1946
73782,-1946
73762,-1946
73742,-1946
73722,-1946
74102,-2015
74082,-2005
74062,-1995
74042,-1985
74022,-1977
74002,-1969
73982,-1963
73962,-1958
73942,-1953
73922,-1950
74302,-2111
74282,-2102
74262,-2093
74242,-2084
74222,-2074
74202,-2066
74182,-2056
74162,-2045
74142,-2033
74122,-2026
74502,-2174
74482,-2170
74462,-2163
74442,-2159
74422,-2154
74402,-2145
74382,-2139
74362,-2133
74342,-2126
74322,-2119
74702,-2210
74682,-2207
74662,-2203
74642,-2202
74622,-2198
74602,-2193
74582,-2192
74562,-2187
74542,-2184
74522,-2178
74902,-2225
74882,-2226
74862,-2224
74842,-2222
74822,-2220
74802,-2217
74782,-2218
74762,-2216
74742,-2214
74722,-2211
75102,-2235
75082,-2234
75062,-2233
75042,-2234
75022,-2234
75002,-2231
74982,-2230
74962,-2229
74942,-2227
74922,-2225
75302,-2242
75282,-2242
75262,-2242
75242,-2242
75222,-2241
75202,-2240
75182,-2240
75162,-2239
75142,-2238
75122,-2237
75502,-2213
75482,-2219
75462,-2226
75442,-2228
75422,-2233
75402,-2233
75382,-2237
75362,-2239
75342,-2241
75322,-2242
75702,-2109
75682,-2121
75662,-2133
75642,-2145
75622,-2156
75602,-2169
75582,-2177
75562,-2188
75542,-2198
75522,-2206
75902,-2009
75882,-2017
75862,-2025
75842,-2033
75822,-2043
75802,-2053
75782,-2066
75762,-2073
75742,-2086
75722,-2097
76102,-1953
76082,-1955
76062,-1962
76042,-1965
76022,-1969
76002,-1977
75982,-1982
75962,-1988
75942,-1994
75922,-2001
76302,-1934
76282,-1934
76262,-1935
76242,-1937
76222,-1938
76202,-1937
76182,-1940
76162,-1943
76142,-1946
76122,-1948
76502,-1933
76482,-1933
76462,-1933
76442,-1933
76422,-1933
76402,-1933
76382,-1933
76362,-1933
76342,-1933
76322,-1933
76702,-1941
76682,-1938
76662,-1937
76642,-1938
76622,-1936
76602,-1935
76582,-1934
76562,-1934
76542,-1934
76522,-1933
76902,-2002
76882,-1993
76862,-1986
76842,-1978
76822,-1970
76802,-1961
76782,-1956
76762,-1952
76742,-1946
76722,-1945
77102,-2105
77082,-2097
77062,-2086
77042,-2075
77022,-2066
77002,-2054
76982,-2043
76962,-2034
76942,-2023
76922,-2013
77302,-2189
77282,-2183
77262,-2177
77242,-2170
77222,-2162
77202,-2154
77182,-2146
77162,-2136
77142,-2126
77122,-2116
77502,-2233
77482,-2231
77462,-2227
77442,-2225
77422,-2220
77402,-2217
77382,-2211
77362,-2207
77342,-2202
77322,-2195
77702,-2249
77682,-2249
77662,-2248
77642,-2246
77622,-2245
77602,-2243
77582,-2241
77562,-2242
77542,-2239
77522,-2236
77902,-2250
77882,-2250
77862,-2250
77842,-2250
77822,-2250
77802,-2250
77782,-2250
77762,-2250
77742,-2250
77722,-2250
78102,-2245
78082,-2247
78062,-2248
78042,-2249
78022,-2250
78002,-2250
77982,-2250
77962,-2250
77942,-2250
77922,-2250
78302,-2217
78282,-2220
78262,-2226
78242,-2228
78222,-2234
78202,-2235
78182,-2239
78162,-2242
78142,-2241
78122,-2244
78502,-2143
78482,-2153
78462,-2162
78442,-2170
78422,-2178
78402,-2186
78382,-2192
78362,-2199
78342,-2205
78322,-2209
78702,-2050
78682,-2059
78662,-2069
78642,-2079
78622,-2088
78602,-2098
78582,-2105
78562,-2115
78542,-2124
78522,-2133
78902,-1981
78882,-1985
78862,-1993
78842,-1998
78822,-2004
78802,-2011
78782,-2017
78762,-2025
78742,-2033
78722,-2041
79102,-1948
79082,-1949
79062,-1953
79042,-1953
79022,-1957
79002,-1962
78982,-1963
78962,-1968
78942,-1971
78922,-1977
79302,-1946
79282,-1946
79262,-1946
79242,-1946
79222,-1946
79202,-1946
79182,-1946
79162,-1946
79142,-1945
79122,-1945
79502,-1950
79482,-1949
79462,-1949
79442,-1948
79422,-1947
79402,-1947
79382,-1945
79362,-1945
79342,-1945
79322,-1946
79702,-1953
79682,-1954
79662,-1954
79642,-1954
79622,-1953
79602,-1952
79582,-1952
79562,-1952
79542,-1951
79522,-1950
79902,-1960
79882,-1959
79862,-1958
79842,-1957
79822,-1957
79802,-1956
79782,-1955
79762,-1954
79742,-1953
79722,-1953
80102,-1966
80082,-1966
80062,-1965
80042,-1963
80022,-1963
80002,-1961
79982,-1961
79962,-1962
79942,-1962
79922,-1961
80302,-1974
80282,-1973
80262,-1972
80242,-1971
80222,-1969
80202,-1969
80182,-1970
80162,-1970
80142,-1969
80122,-1968
80502,-1979
80482,-1978
80462,-1977
80442,-1977
80422,-1977
80402,-1978
80382,-1978
80362,-1977
80342,-1976
80322,-1975
80702,-1986
80682,-1986
80662,-1986
80642,-1984
80622,-1984
80602,-1983
80582,-1982
80562,-1982
80542,-1981
80522,-1980
80902,-1991
80882,-1990
80862,-1990
80842,-1989
80822,-1989
80802,-1987
80782,-1987
80762,-1986
80742,-1985
80722,-1985
81102,-1994
81082,-1993
81062,-1993
81042,-1993
81022,-1993
81002,-1994
80982,-1994
80962,-1993
80942,-1992
80922,-1992
81302,-2001
81282,-2000
81262,-2000
81242,-1999
81222,-1998
81202,-1998
81182,-1997
81162,-1997
81142,-1996
81122,-1995
81502,-2005
81482,-2005
81462,-2003
81442,-2002
81422,-2002
81402,-2001
81382,-2001
81362,-2001
81342,-2002
81322,-2002
81702,-2015
81682,-2013
81662,-2011
81642,-2009
81622,-2009
81602,-2010
81582,-2009
81562,-2007
81542,-2006
81522,-2006
81902,-2029
81882,-2027
81862,-2025
81842,-2026
81822,-2023
81802,-2022
81782,-2019
81762,-2017
81742,-2018
81722,-2017
82102,-2042
82082,-2041
82062,-2039
82042,-2038
82022,-2036
82002,-2035
81982,-2033
81962,-2034
81942,-2033
81922,-2031
82302,-2048
82282,-2048
82262,-2047
82242,-2046
82222,-2045
82202,-2044
82182,-2043
82162,-2042
82142,-2041
82122,-2042
82502,-2053
82482,-2052
82462,-2051
82442,-2050
82422,-2049
82402,-2049
82382,-2049
82362,-2050
82342,-2050
82322,-2049
82702,-2057
82682,-2057
82662,-2058
82642,-2058
82622,-2057
82602,-2056
82582,-2055
82562,-2054
82542,-2054
82522,-2053
82902,-2066
82882,-2064
82862,-2064
82842,-2062
82822,-2062
82802,-2061
82782,-2061
82762,-2059
82742,-2059
82722,-2057
83102,-2073
83082,-2071
83062,-2070
83042,-2069
83022,-2067
83002,-2067
82982,-2065
82962,-2065
82942,-2065
82922,-2066
83302,-2090
83282,-2087
83262,-2085
83242,-2083
83222,-2081
83202,-2081
83182,-2079
83162,-2076
83142,-2073
83122,-2074
83502,-2103
83482,-2102
83462,-2100
83442,-2098
83422,-2097
83402,-2098
83382,-2095
83362,-2093
83342,-2091
83322,-2089
83702,-2113
83682,-2112
83662,-2110
83642,-2110
83622,-2109
83602,-2107
83582,-2107
83562,-2105
83542,-2106
83522,-2105
83902,-2120
83882,-2119
83862,-2118
83842,-2118
83822,-2117
83802,-2115
83782,-2114
83762,-2113
83742,-2113
83722,-2114
84102,-2126
84082,-2126
84062,-2125
84042,-2123
84022,-2123
84002,-2121
83982,-2121
83962,-2122
83942,-2122
83922,-2121
84302,-2134
84282,-2133
84262,-2131
84242,-2131
84222,-2129
84202,-2129
84182,-2130
84162,-2130
84142,-2129
84122,-2127
84502,-2139
84482,-2139
84462,-2137
84442,-2137
84422,-2138
84402,-2138
84382,-2137
84362,-2136
84342,-2135
84322,-2134
84702,-2153
84682,-2151
84662,-2149
84642,-2147
84622,-2145
84602,-2146
84582,-2145
84562,-2142
84542,-2142
84522,-2141
84902,-2166
84882,-2165
84862,-2163
84842,-2161
84822,-2162
84802,-2161
84782,-2158
84762,-2156
84742,-2153
84722,-2153
85102,-2177
85082,-2176
85062,-2174
85042,-2174
85022,-2173
85002,-2171
84982,-2169
84962,-2169
84942,-2170
84922,-2169
85302,-2182
85282,-2182
85262,-2181
85242,-2180
85222,-2179
85202,-2179
85182,-2177
85162,-2177
85142,-2178
85122,-2178
85502,-2189
85482,-2187
85462,-2187
85442,-2185
85422,-2185
85402,-2186
85382,-2186
85362,-2185
85342,-2184
85322,-2183
85702,-2197
85682,-2195
85662,-2195
85642,-2193
85622,-2193
85602,-2194
85582,-2193
85562,-2192
85542,-2191
85522,-2190
85902,-2205
85882,-2203
85862,-2203
85842,-2201
85822,-2201
85802,-2202
85782,-2201
85762,-2201
85742,-2199
85722,-2198
86102,-2208
86082,-2208
86062,-2208
86042,-2208
86022,-2208
86002,-2208
85982,-2208
85962,-2207
85942,-2206
85922,-2206
86302,-2206
86282,-2206
86262,-2207
86242,-2208
86222,-2208
86202,-2208
86182,-2208
86162,-2208
86142,-2208
86122,-2208
86502,-2202
86482,-2202
86462,-2201
86442,-2201
86422,-2202
86402,-2203
86382,-2203
86362,-2204
86342,-2204
86322,-2205
86702,-2193
86682,-2193
86662,-2194
86642,-2195
86622,-2196
86602,-2197
86582,-2198
86562,-2199
86542,-2200
86522,-2201
86902,-2187
86882,-2188
86862,-2189
86842,-2190
86822,-2191
86802,-2192
86782,-2193
86762,-2194
86742,-2194
86722,-2193
87102,-2182
87082,-2182
87062,-2183
87042,-2184
87022,-2186
87002,-2186
86982,-2185
86962,-2185
86942,-2185
86922,-2186
87302,-2176
87282,-2177
87262,-2178
87242,-2178
87222,-2177
87202,-2177
87182,-2178
87162,-2179
87142,-2180
87122,-2180
87502,-2170
87482,-2170
87462,-2169
87442,-2169
87422,-2170
87402,-2171
87382,-2172
87362,-2173
87342,-2174
87322,-2175
87702,-2161
87682,-2162
87662,-2161
87642,-2161
87622,-2161
87602,-2163
87582,-2164
87562,-2166
87542,-2167
87522,-2168
87902,-2154
87882,-2154
87862,-2153
87842,-2153
87822,-2153
87802,-2155
87782,-2156
87762,-2157
87742,-2158
87722,-2160
88102,-2146
88082,-2145
88062,-2145
88042,-2146
88022,-2148
88002,-2148
87982,-2150
87962,-2150
87942,-2152
87922,-2152
88302,-2124
88282,-2128
88262,-2129
88242,-2132
88222,-2136
88202,-2137
88182,-2139
88162,-2141
88142,-2143
88122,-2146
88502,-2097
88482,-2101
88462,-2104
88442,-2105
88422,-2107
88402,-2111
88382,-2114
88362,-2115
88342,-2119
88322,-2121
88702,-2083
88682,-2085
88662,-2087
88642,-2088
88622,-2090
88602,-2089
88582,-2091
88562,-2093
88542,-2096
88522,-2098
88902,-2073
88882,-2074
88862,-2076
88842,-2077
88822,-2078
88802,-2080
88782,-2081
88762,-2082
88742,-2081
88722,-2081
89102,-2067
89082,-2068
89062,-2069
89042,-2070
89022,-2070
89002,-2072
88982,-2072
88962,-2074
88942,-2074
88922,-2073
89302,-2064
89282,-2065
89262,-2066
89242,-2066
89222,-2066
89202,-2065
89182,-2065
89162,-2065
89142,-2066
89122,-2067
89502,-2060
89482,-2061
89462,-2061
89442,-2061
89422,-2062
89402,-2062
89382,-2062
89362,-2063
89342,-2064
89322,-2064
89702,-2058
89682,-2057
89662,-2057
89642,-2057
89622,-2057
89602,-2058
89582,-2059
89562,-2059
89542,-2059
89522,-2060
89902,-2049
89882,-2049
89862,-2051
89842,-2052
89822,-2053
89802,-2054
89782,-2055
89762,-2056
89742,-2057
89722,-2058
90102,-2029
90082,-2034
90062,-2033
90042,-2037
90022,-2041
90002,-2041
89982,-2043
89962,-2045
89942,-2048
89922,-2050
90302,-2001
90282,-2003
90262,-2007
90242,-2010
90222,-2011
90202,-2015
90182,-2017
90162,-2020
90142,-2025
90122,-2025
90502,-1986
90482,-1985
90462,-1986
90442,-1988
90422,-1991
90402,-1993
90382,-1993
90362,-1995
90342,-1997
90322,-2000
90702,-1973
90682,-1975
90662,-1976
90642,-1978
90622,-1977
90602,-1977
90582,-1979
90562,-1980
90542,-1982
90522,-1984
90902,-1964
90882,-1965
90862,-1966
90842,-1968
90822,-1970
90802,-1970
90782,-1969
90762,-1969
90742,-1971
90722,-1972
91102,-1953
91082,-1953
91062,-1955
91042,-1956
91022,-1957
91002,-1959
90982,-1961
90962,-1962
90942,-1961
90922,-1961
91302,-1945
91282,-1945
91262,-1945
91242,-1947
91222,-1948
91202,-1950
91182,-1951
91162,-1952
91142,-1954
91122,-1954
91502,-1938
91482,-1939
91462,-1940
91442,-1940
91422,-1941
91402,-1942
91382,-1943
91362,-1944
91342,-1945
91322,-1946
91702,-1936
91682,-1938
91662,-1938
91642,-1938
91622,-1938
91602,-1937
91582,-1937
91562,-1937
91542,-1937
91522,-1938
91902,-1934
91882,-1934
91862,-1934
91842,-1934
91822,-1934
91802,-1934
91782,-1935
91762,-1936
91742,-1936
91722,-1936
92102,-1936
92082,-1934
92062,-1934
92042,-1934
92022,-1934
92002,-1934
91982,-1934
91962,-1934
91942,-1934
91922,-1934
92302,-1977
92282,-1971
92262,-1965
92242,-1961
92222,-1953
92202,-1949
92182,-1946
92162,-1942
92142,-1937
92122,-1938
92502,-2049
92482,-2043
92462,-2036
92442,-2029
92422,-2022
92402,-2015
92382,-2007
92362,-2000
92342,-1993
92322,-1986
92702,-2109
92682,-2105
92662,-2097
92642,-2092
92622,-2087
92602,-2082
92582,-2075
92562,-2069
92542,-2064
92522,-2058
92902,-2153
92882,-2151
92862,-2145
92842,-2143
92822,-2137
92802,-2133
92782,-2130
92762,-2123
92742,-2119
92722,-2113
93102,-2186
93082,-2183
93062,-2179
93042,-2177
93022,-2175
93002,-2171
92982,-2170
92962,-2165
92942,-2161
92922,-2159
93302,-2205
93282,-2201
93262,-2202
93242,-2200
93222,-2197
93202,-2195
93182,-2193
93162,-2192
93142,-2189
93122,-2186
93502,-2221
93482,-2219
93462,-2217
93442,-2218
93422,-2215
93402,-2213
93382,-2211
93362,-2209
93342,-2210
93322,-2207
93702,-2231
93682,-2230
93662,-2230
93642,-2229
93622,-2227
93602,-2226
93582,-2225
93562,-2226
93542,-2225
93522,-2223
93902,-2234
93882,-2234
93862,-2234
93842,-2234
93822,-2234
93802,-2234
93782,-2234
93762,-2234
93742,-2233
93722,-2232
94102,-2234
94082,-2234
94062,-2234
94042,-2234
94022,-2234
94002,-2234
93982,-2234
93962,-2234
93942,-2234
93922,-2234
94302,-2234
94282,-2234
94262,-2234
94242,-2234
94222,-2234
94202,-2234
94182,-2234
94162,-2234
94142,-2234
94122,-2234
94502,-2234
94482,-2234
94462,-2234
94442,-2234
94422,-2234
94402,-2234
94382,-2234
94362,-2234
94342,-2234
94322,-2234
94702,-2234
94682,-2234
94662,-2234
94642,-2234
94622,-2234
94602,-2234
94582,-2234
94562,-2234
94542,-2234
94522,-2234
94902,-2234
94882,-2234
94862,-2234
94842,-2234
94822,-2234
94802,-2234
94782,-2234
94762,-2234
94742,-2234
94722,-2234
95102,-2234
95082,-2234
95062,-2234
95042,-2234
95022,-2234
95002,-2234
94982,-2234
94962,-2234
94942,-2234
94922,-2234
95302,-2234
95282,-2234
95262,-2234
95242,-2234
95222,-2234
95202,-2234
95182,-2234
95162,-2234
95142,-2234
95122,-2234
95502,-2234
95482,-2234
95462,-2234
95442,-2234
95422,-2234
95402,-2234
95382,-2234
95362,-2234
95342,-2234
95322,-2234
95702,-2234
95682,-2234
95662,-2234
95642,-2234
95622,-2234
95602,-2234
95582,-2234
95562,-2234
95542,-2234
95522,-2234
95902,-2234
95882,-2234
95862,-2234
95842,-2234
95822,-2234
95802,-2234
95782,-2234
95762,-2234
95742,-2234
95722,-2234
96102,-2234
96082,-2234
96062,-2234
96042,-2234
96022,-2234
96002,-2234
95982,-2234
95962,-2234
95942,-2234
95922,-2234
96302,-2200
96282,-2205
96262,-2209
96242,-2217
96222,-2219
96202,-2225
96182,-2226
96162,-2229
96142,-2232
96122,-2234
96502,-2130
96482,-2137
96462,-2143
96442,-2151
96422,-2157
96402,-2165
96382,-2172
96362,-2179
96342,-2185
96322,-2194
96702,-2074
96682,-2077
96662,-2081
96642,-2088
96622,-2092
96602,-2097
96582,-2104
96562,-2109
96542,-2115
96522,-2121
96902,-2035
96882,-2040
96862,-2041
96842,-2045
96822,-2050
96802,-2052
96782,-2058
96762,-2060
96742,-2066
96722,-2068
97102,-2009
97082,-2011
97062,-2014
97042,-2018
97022,-2018
97002,-2021
96982,-2026
96962,-2026
96942,-2030
96922,-2034
97302,-1989
97282,-1992
97262,-1994
97242,-1994
97222,-1997
97202,-2000
97182,-2002
97162,-2002
97142,-2005
97122,-2008
97502,-1972
97482,-1973
97462,-1976
97442,-1978
97422,-1977
97402,-1980
97382,-1982
97362,-1985
97342,-1985
97322,-1987
97702,-1961
97682,-1961
97662,-1961
97642,-1963
97622,-1964
97602,-1966
97582,-1967
97562,-1969
97542,-1969
97522,-1969
97902,-1962
97882,-1962
97862,-1962
97842,-1962
97822,-1962
97802,-1962
97782,-1962
97762,-1962
97742,-1962
97722,-1962
98102,-1962
98082,-1962
98062,-1962
98042,-1962
98022,-1962
98002,-1962
97982,-1962
97962,-1962
97942,-1962
97922,-1962
98302,-1976
98282,-1971
98262,-1969
98242,-1967
98222,-1965
98202,-1963
98182,-1961
98162,-1961
98142,-1962
98122,-1962
98502,-2025
98482,-2019
98462,-2014
98442,-2009
98422,-2001
98402,-1997
98382,-1993
98362,-1987
98342,-1983
98322,-1977
98702,-2090
98682,-2083
98662,-2078
98642,-2073
98622,-2065
98602,-2058
98582,-2052
98562,-2046
98542,-2040
98522,-2034
98902,-2129
98882,-2127
98862,-2122
98842,-2120
98822,-2115
98802,-2113
98782,-2107
98762,-2104
98742,-2097
98722,-2094
99102,-2156
99082,-2153
99062,-2153
99042,-2149
99022,-2146
99002,-2146
98982,-2142
98962,-2137
98942,-2137
98922,-2133
99302,-2177
99282,-2177
99262,-2174
99242,-2171
99222,-2169
99202,-2169
99182,-2165
99162,-2162
99142,-2162
99122,-2159
99502,-2197
99482,-2194
99462,-2193
99442,-2193
99422,-2190
99402,-2187
99382,-2185
99362,-2185
99342,-2183
99322,-2180
99702,-2213
99682,-2211
99662,-2209
99642,-2210
99622,-2207
99602,-2205
99582,-2203
99562,-2201
99542,-2202
99522,-2199
99902,-2226
99882,-2225
99862,-2223
99842,-2222
99822,-2221
99802,-2219
99782,-2217
99762,-2218
99742,-2217
99722,-2215
100102,-2234
100082,-2233
100062,-2233
100042,-2231
100022,-2230
100002,-2229
99982,-2228
99962,-2227
99942,-2225
99922,-2225
100302,-2240
100282,-2238
100262,-2238
100242,-2237
100222,-2236
100202,-2235
100182,-2235
100162,-2233
100142,-2233
100122,-2234
100502,-2241
100482,-2241
100462,-2241
100442,-2241
100422,-2241
100402,-2241
100382,-2242
100362,-2242
100342,-2242
100322,-2240
100702,-2241
100682,-2241
100662,-2241
100642,-2241
100622,-2241
100602,-2241
100582,-2241
100562,-2241
100542,-2241
100522,-2241
100902,-2233
100882,-2234
100862,-2236
100842,-2237
100822,-2239
100802,-2240
100782,-2242
100762,-2242
100742,-2242
100722,-2241
101102,-2212
101082,-2216
101062,-2217
101042,-2219
101022,-2222
101002,-2226
100982,-2225
100962,-2228
100942,-2231
100922,-2233
101302,-2188
101282,-2191
101262,-2194
101242,-2193
101222,-2197
101202,-2201
101182,-2201
101162,-2205
101142,-2209
101122,-2209
101502,-2171
101482,-2172
101462,-2174
101442,-2177
101422,-2178
101402,-2177
101382,-2180
101362,-2183
101342,-2186
101322,-2185
101702,-2162
101682,-2161
101662,-2161
101642,-2162
101622,-2164
101602,-2165
101582,-2167
101562,-2169
101542,-2170
101522,-2169
101902,-2153
101882,-2155
101862,-2155
101842,-2155
101822,-2156
101802,-2157
101782,-2158
101762,-2158
101742,-2160
101722,-2161
102102,-2154
102082,-2154
102062,-2154
102042,-2154
102022,-2154
102002,-2154
101982,-2154
101962,-2153
101942,-2153
101922,-2153
102302,-2150
102282,-2151
102262,-2152
102242,-2152
102222,-2153
102202,-2153
102182,-2153
102162,-2154
102142,-2154
102122,-2154
102502,-2143
102482,-2146
102462,-2146
102442,-2145
102422,-2145
102402,-2146
102382,-2147
102362,-2148
102342,-2149
102322,-2150
102702,-2129
102682,-2131
102662,-2133
102642,-2135
102622,-2138
102602,-2137
102582,-2137
102562,-2139
102542,-2141
102522,-2142
102902,-2113
102882,-2116
102862,-2117
102842,-2120
102822,-2122
102802,-2121
102782,-2123
102762,-2125
102742,-2128
102722,-2130
103102,-2101
103082,-2103
103062,-2105
103042,-2105
103022,-2105
103002,-2107
102982,-2109
102962,-2111
102942,-2113
102922,-2113
103302,-2091
103282,-2092
103262,-2093
103242,-2094
103222,-2096
103202,-2097
103182,-2098
103162,-2097
103142,-2098
103122,-2100
103502,-2088
103482,-2089
103462,-2090
103442,-2090
103422,-2090
103402,-2090
103382,-2089
103362,-2089
103342,-2089
103322,-2090
103702,-2086
103682,-2086
103662,-2086
103642,-2086
103622,-2086
103602,-2086
103582,-2087
103562,-2088
103542,-2088
103522,-2088
103902,-2086
103882,-2086
103862,-2086
103842,-2086
103822,-2086
103802,-2086
103782,-2086
103762,-2086
103742,-2086
103722,-2086
104102,-2086
104082,-2086
104062,-2086
104042,-2086
104022,-2086
104002,-2086
103982,-2086
103962,-2086
103942,-2086
103922,-2086
104302,-2081
104282,-2082
104262,-2083
104242,-2084
104222,-2084
104202,-2085
104182,-2085
104162,-2086
104142,-2086
104122,-2086
104502,-2074
104482,-2073
104462,-2073
104442,-2075
104422,-2077
104402,-2078
104382,-2079
104362,-2082
104342,-2082
104322,-2081
104702,-2059
104682,-2060
104662,-2062
104642,-2064
104622,-2066
104602,-2065
104582,-2066
104562,-2068
104542,-2070
104522,-2071
104902,-2049
104882,-2050
104862,-2049
104842,-2049
104822,-2052
104802,-2053
104782,-2055
104762,-2057
104742,-2058
104722,-2057
105102,-2037
105082,-2039
105062,-2040
105042,-2042
105022,-2041
105002,-2041
104982,-2043
104962,-2044
104942,-2045
104922,-2048
105302,-2025
105282,-2027
105262,-2029
105242,-2030
105222,-2032
105202,-2033
105182,-2034
105162,-2033
105142,-2033
105122,-2036
105502,-2018
105482,-2017
105462,-2017
105442,-2018
105422,-2020
105402,-2021
105382,-2023
105362,-2024
105342,-2026
105322,-2025
105702,-2010
105682,-2009
105662,-2009
105642,-2009
105622,-2011
105602,-2012
105582,-2013
105562,-2014
105542,-2015
105522,-2017
105902,-2001
105882,-2002
105862,-2003
105842,-2004
105822,-2005
105802,-2006
105782,-2007
105762,-2008
105742,-2009
105722,-2010
106102,-1996
106082,-1997
106062,-1998
106042,-1998
106022,-2000
106002,-2000
105982,-2002
105962,-2002
105942,-2001
105922,-2001
106302,-1987
106282,-1990
106262,-1991
106242,-1992
106222,-1994
106202,-1994
106182,-1993
106162,-1993
106142,-1994
106122,-1995
106502,-1972
106482,-1975
106462,-1978
106442,-1977
106422,-1979
106402,-1981
106382,-1983
106362,-1986
106342,-1985
106322,-1986
106702,-1955
106682,-1957
106662,-1959
106642,-1962
106622,-1961
106602,-1963
106582,-1965
106562,-1968
106542,-1970
106522,-1969
106902,-1941
106882,-1943
106862,-1945
106842,-1945
106822,-1945
106802,-1947
106782,-1949
106762,-1951
106742,-1954
106722,-1953
107102,-1936
107082,-1936
107062,-1936
107042,-1937
107022,-1938
107002,-1938
106982,-1937
106962,-1937
106942,-1939
106922,-1940
107302,-1947
107282,-1946
107262,-1943
107242,-1940
107222,-1937
107202,-1938
107182,-1936
107162,-1936
107142,-1936
107122,-1936
107502,-1982
107482,-1977
107462,-1975
107442,-1969
107422,-1968
107402,-1963
107382,-1962
107362,-1957
107342,-1953
107322,-1951
107702,-2017
107682,-2014
107662,-2009
107642,-2008
107622,-2003
107602,-2001
107582,-1996
107562,-1994
107542,-1989
107522,-1985
107902,-2045
107882,-2041
107862,-2042
107842,-2038
107822,-2035
107802,-2034
107782,-2030
107762,-2026
107742,-2025
107722,-2020
108102,-2056
108082,-2056
108062,-2055
108042,-2055
108022,-2054
108002,-2054
107982,-2052
107962,-2049
107942,-2050
107922,-2048
108302,-2042
108282,-2041
108262,-2045
108242,-2047
108222,-2050
108202,-2049
108182,-2051
108162,-2053
108142,-2054
108122,-2056
108502,-2015
108482,-2018
108462,-2020
108442,-2024
108422,-2025
108402,-2028
108382,-2032
108362,-2033
108342,-2035
108322,-2039
108702,-1985
108682,-1985
108662,-1990
108642,-1994
108622,-1996
108602,-2000
108582,-2001
108562,-2005
108542,-2010
108522,-2011
108902,-1955
108882,-1958
108862,-1962
108842,-1961
108822,-1965
108802,-1970
108782,-1971
108762,-1975
108742,-1978
108722,-1980
109102,-1938
109082,-1940
109062,-1941
109042,-1943
109022,-1945
109002,-1945
108982,-1946
108962,-1949
108942,-1952
108922,-1953
109302,-1945
109282,-1944
109262,-1941
109242,-1939
109222,-1937
109202,-1937
109182,-1937
109162,-1937
109142,-1937
109122,-1937
109502,-1975
109482,-1971
109462,-1970
109442,-1965
109422,-1961
109402,-1960
109382,-1955
109362,-1953
109342,-1951
109322,-1947
109702,-2007
109682,-2002
109662,-2001
109642,-1997
109622,-1993
109602,-1991
109582,-1987
109562,-1986
109542,-1981
109522,-1977
109902,-2033
109882,-2033
109862,-2029
109842,-2025
109822,-2025
109802,-2020
109782,-2017
109762,-2015
109742,-2011
109722,-2010
110102,-2057
110082,-2058
110062,-2055
110042,-2051
110022,-2049
110002,-2048
109982,-2045
109962,-2041
109942,-2041
109922,-2037
110302,-2065
110282,-2065
110262,-2065
110242,-2065
110222,-2065
110202,-2066
110182,-2066
110162,-2064
110142,-2062
110122,-2060
110502,-2050
110482,-2053
110462,-2056
110442,-2057
110422,-2058
110402,-2060
110382,-2062
110362,-2064
110342,-2066
110322,-2065
110702,-2026
110682,-2027
110662,-2031
110642,-2033
110622,-2036
110602,-2039
110582,-2041
110562,-2043
110542,-2047
110522,-2050
110902,-1997
110882,-2001
110862,-2001
110842,-2005
110822,-2010
110802,-2009
110782,-2014
110762,-2018
110742,-2019
110722,-2023
111102,-1971
111082,-1974
111062,-1978
111042,-1978
111022,-1982
111002,-1986
110982,-1985
110962,-1989
110942,-1993
110922,-1993
111302,-1950
111282,-1953
111262,-1953
111242,-1955
111222,-1958
111202,-1962
111182,-1961
111162,-1964
111142,-1967
111122,-1970
111502,-1942
111482,-1942
111462,-1942
111442,-1942
111422,-1943
111402,-1944
111382,-1946
111362,-1945
111342,-1945
111322,-1948
111702,-1964
111682,-1962
111662,-1958
111642,-1953
111622,-1953
111602,-1949
111582,-1945
111562,-1946
111542,-1943
111522,-1942
111902,-2001
111882,-1999
111862,-1994
111842,-1992
111822,-1987
111802,-1984
111782,-1979
111762,-1977
111742,-1971
111722,-1969
112102,-2035
112082,-2034
112062,-2029
112042,-2025
112022,-2024
112002,-2019
111982,-2018
111962,-2013
111942,-2009
111922,-2006
112302,-2066
112282,-2065
112262,-2061
112242,-2057
112222,-2055
112202,-2051
112182,-2049
112162,-2045
112142,-2041
112122,-2039
112502,-2095
112482,-2092
112462,-2089
112442,-2088
112422,-2084
112402,-2081
112382,-2080
112362,-2075
112342,-2074
112322,-2071
112702,-2099
112682,-2100
112662,-2101
112642,-2101
112622,-2101
112602,-2101
112582,-2099
112562,-2098
112542,-2097
112522,-2098
112902,-2077
112882,-2082
112862,-2082
112842,-2086
112822,-2090
112802,-2090
112782,-2093
112762,-2096
112742,-2098
112722,-2097
113102,-2041
113082,-2046
113062,-2049
113042,-2053
113022,-2058
113002,-2059
112982,-2064
112962,-2066
112942,-2071
112922,-2073
113302,-2012
113282,-2016
113262,-2017
113242,-2021
113222,-2025
113202,-2026
113182,-2030
113162,-2034
113142,-2036
113122,-2041
113502,-1989
113482,-1991
113462,-1994
113442,-1995
113422,-1997
113402,-2001
113382,-2001
113362,-2005
113342,-2008
113322,-2009
113702,-1985
113682,-1981
113662,-1981
113642,-1981
113622,-1981
113602,-1982
113582,-1983
113562,-1985
113542,-1985
113522,-1986
113902,-2031
113882,-2026
113862,-2018
113842,-2013
113822,-2009
113802,-2002
113782,-1999
113762,-1993
113742,-1991
113722,-1985
114102,-2085
114082,-2081
114062,-2077
114042,-2073
114022,-2065
114002,-2061
113982,-2055
113962,-2050
113942,-2041
113922,-2037
114302,-2082
114282,-2083
114262,-2088
114242,-2089
114222,-2091
114202,-2091
114182,-2091
114162,-2091
114142,-2089
114122,-2089
114502,-2025
114482,-2030
114462,-2036
114442,-2041
114422,-2050
114402,-2055
114382,-2059
114362,-2065
114342,-2072
114322,-2075
114702,-1975
114682,-1977
114662,-1981
114642,-1986
114622,-1990
114602,-1994
114582,-2002
114562,-2006
114542,-2011
114522,-2017
114902,-1986
114882,-1980
114862,-1978
114842,-1974
114822,-1970
114802,-1970
114782,-1970
114762,-1970
114742,-1970
114722,-1972
115102,-2049
115082,-2041
115062,-2033
115042,-2027
115022,-2021
115002,-2015
114982,-2009
114962,-2001
114942,-1995
114922,-1990
115302,-2105
115282,-2099
115262,-2096
115242,-2089
115222,-2085
115202,-2081
115182,-2073
115162,-2067
115142,-2062
115122,-2055
115502,-2113
115482,-2115
115462,-2117
115442,-2117
115422,-2117
115402,-2115
115382,-2113
115362,-2114
115342,-2111
115322,-2107
115702,-2068
115682,-2073
115662,-2082
115642,-2086
115622,-2090
115602,-2098
115582,-2100
115562,-2106
115542,-2108
115522,-2112
115902,-2006
115882,-2011
115862,-2017
115842,-2025
115822,-2031
115802,-2037
115782,-2043
115762,-2049
115742,-2057
115722,-2063
116102,-1974
116082,-1974
116062,-1976
116042,-1978
116022,-1979
116002,-1983
115982,-1985
115962,-1991
115942,-1994
115922,-2002
116302,-2007
116282,-2002
116262,-1995
116242,-1991
116222,-1985
116202,-1982
116182,-1977
116162,-1977
116142,-1974
116122,-1974
116502,-2065
116482,-2061
116462,-2055
116442,-2050
116422,-2041
116402,-2036
116382,-2031
116362,-2026
116342,-2017
116322,-2011
116702,-2106
116682,-2106
116662,-2103
116642,-2099
116622,-2097
116602,-2091
116582,-2088
116562,-2081
116542,-2077
116522,-2073
116902,-2098
116882,-2100
116862,-2105
116842,-2105
116822,-2108
116802,-2110
116782,-2110
116762,-2110
116742,-2109
116722,-2108
117102,-2042
117082,-2048
117062,-2053
117042,-2059
117022,-2065
117002,-2073
116982,-2077
116962,-2081
116942,-2089
116922,-2092
117302,-1984
117282,-1987
117262,-1994
117242,-1999
117222,-2003
117202,-2009
117182,-2016
117162,-2022
117142,-2028
117122,-2033
117502,-1969
117482,-1968
117462,-1967
117442,-1967
117422,-1968
117402,-1969
117382,-1969
117362,-1971
117342,-1976
117322,-1977
117702,-2018
117682,-2009
117662,-2004
117642,-1999
117622,-1994
117602,-1987
117582,-1984
117562,-1978
117542,-1976
117522,-1971
117902,-2080
117882,-2073
117862,-2068
117842,-2062
117822,-2057
117802,-2050
117782,-2041
117762,-2036
117742,-2030
117722,-2024
118102,-2110
118082,-2110
118062,-2109
118042,-2106
118022,-2106
118002,-2102
117982,-2097
117962,-2094
117942,-2089
117922,-2084
118302,-2087
118282,-2091
118262,-2097
118242,-2099
118222,-2105
118202,-2105
118182,-2109
118162,-2110
118142,-2110
118122,-2111
118502,-2030
118482,-2035
118462,-2042
118442,-2047
118422,-2052
118402,-2058
118382,-2066
118362,-2071
118342,-2076
118322,-2081
118702,-1984
118682,-1985
118662,-1991
118642,-1993
118622,-1999
118602,-2003
118582,-2010
118562,-2013
118542,-2017
118522,-2025
118902,-1970
118882,-1970
118862,-1970
118842,-1970
118822,-1969
118802,-1971
118782,-1973
118762,-1976
118742,-1977
118722,-1980
119102,-1978
119082,-1978
119062,-1976
119042,-1974
119022,-1971
119002,-1969
118982,-1969
118962,-1970
118942,-1970
118922,-1970
119302,-2007
119282,-2003
119262,-2002
119242,-1997
119222,-1993
119202,-1992
119182,-1989
119162,-1985
119142,-1985
119122,-1981
119502,-2035
119482,-2034
119462,-2031
119442,-2027
119422,-2026
119402,-2022
119382,-2017
119362,-2017
119342,-2013
119322,-2009
119702,-2062
119682,-2058
119662,-2058
119642,-2054
119622,-2051
119602,-2050
119582,-2047
119562,-2043
119542,-2042
119522,-2039
119902,-2085
119882,-2081
119862,-2082
119842,-2078
119822,-2075
119802,-2073
119782,-2072
119762,-2069
119742,-2065
119722,-2065
120102,-2106
120082,-2106
120062,-2103
120042,-2100
120022,-2097
120002,-2097
119982,-2094
119962,-2091
119942,-2089
119922,-2088
120302,-2130
120282,-2127
120262,-2124
120242,-2121
120222,-2121
120202,-2118
120182,-2115
120162,-2113
120142,-2112
120122,-2109
120502,-2141
120482,-2140
120462,-2139
120442,-2138
120422,-2137
120402,-2138
120382,-2137
120362,-2135
120342,-2132
120322,-2129
120702,-2139
120682,-2140
120662,-2140
120642,-2141
120622,-2141
120602,-2141
120582,-2141
120562,-2141
120542,-2141
120522,-2141
120902,-2129
120882,-2131
120862,-2132
120842,-2134
120822,-2135
120802,-2137
120782,-2138
120762,-2137
120742,-2137
120722,-2138
121102,-2113
121082,-2116
121062,-2118
121042,-2117
121022,-2119
121002,-2120
120982,-2122
120962,-2124
120942,-2126
120922,-2128
121302,-2101
121282,-2102
121262,-2104
121242,-2105
121222,-2107
121202,-2108
121182,-2110
121162,-2109
121142,-2109
121122,-2112
121502,-2083
121482,-2085
121462,-2088
121442,-2090
121422,-2093
121402,-2095
121382,-2097
121362,-2099
121342,-2101
121322,-2102
121702,-2057
121682,-2061
121662,-2061
121642,-2064
121622,-2068
121602,-2070
121582,-2071
121562,-2073
121542,-2076
121522,-2080
121902,-2031
121882,-2034
121862,-2038
121842,-2038
121822,-2042
121802,-2046
121782,-2045
121762,-2049
121742,-2053
121722,-2053
122102,-2006
122082,-2006
122062,-2010
122042,-2014
122022,-2014
122002,-2018
121982,-2022
121962,-2022
121942,-2026
121922,-2030
122302,-1980
122282,-1982
122262,-1983
122242,-1986
122222,-1990
122202,-1989
122182,-1993
122162,-1997
122142,-1997
122122,-2001
122502,-1964
122482,-1965
122462,-1965
122442,-1967
122422,-1969
122402,-1970
122382,-1973
122362,-1974
122342,-1974
122322,-1977
122702,-1972
122682,-1969
122662,-1967
122642,-1965
122622,-1964
122602,-1962
122582,-1962
122562,-1962
122542,-1962
122522,-1962
122902,-2003
122882,-1999
122862,-1998
122842,-1994
122822,-1991
122802,-1986
122782,-1983
122762,-1981
122742,-1977
122722,-1974
123102,-2034
123082,-2031
123062,-2027
123042,-2026
123022,-2023
123002,-2019
122982,-2016
122962,-2011
122942,-2007
122922,-2006
123302,-2062
123282,-2060
123262,-2058
123242,-2055
123222,-2053
123202,-2051
123182,-2048
123162,-2045
123142,-2042
123122,-2038
123502,-2076
123482,-2076
123462,-2075
123442,-2074
123422,-2073
123402,-2072
123382,-2070
123362,-2068
123342,-2066
123322,-2064
123702,-2082
123682,-2081
123662,-2080
123642,-2079
123622,-2078
123602,-2078
123582,-2077
123562,-2076
123542,-2076
123522,-2076
123902,-2096
123882,-2093
123862,-2090
123842,-2090
123822,-2089
123802,-2087
123782,-2085
123762,-2083
123742,-2081
123722,-2081
124102,-2130
124082,-2126
124062,-2121
124042,-2117
124022,-2112
124002,-2107
123982,-2106
123962,-2103
123942,-2099
123922,-2097
124302,-2165
124282,-2161
124262,-2157
124242,-2152
124222,-2148
124202,-2145
124182,-2143
124162,-2139
124142,-2138
124122,-2135
124502,-2194
124482,-2191
124462,-2188
124442,-2185
124422,-2185
124402,-2181
124382,-2177
124362,-2177
124342,-2173
124322,-2169
124702,-2212
124682,-2212
124662,-2212
124642,-2211
124622,-2211
124602,-2209
124582,-2206
124562,-2204
124542,-2201
124522,-2198
124902,-2192
124882,-2193
124862,-2197
124842,-2202
124822,-2202
124802,-2205
124782,-2209
124762,-2209
124742,-2209
124722,-2211
125102,-2151
125082,-2155
125062,-2157
125042,-2162
125022,-2165
125002,-2170
124982,-2173
124962,-2177
124942,-2182
124922,-2187
125302,-2113
125282,-2117
125262,-2117
125242,-2121
125222,-2125
125202,-2130
125182,-2135
125162,-2137
125142,-2140
125122,-2146
125502,-2091
125482,-2092
125462,-2094
125442,-2095
125422,-2097
125402,-2099
125382,-2101
125362,-2104
125342,-2106
125322,-2110
125702,-2091
125682,-2090
125662,-2090
125642,-2090
125622,-2090
125602,-2090
125582,-2090
125562,-2090
125542,-2090
125522,-2090
125902,-2092
125882,-2092
125862,-2092
125842,-2092
125822,-2092
125802,-2092
125782,-2092
125762,-2092
125742,-2092
125722,-2091
126102,-2092
126082,-2092
126062,-2092
126042,-2092
126022,-2092
126002,-2092
125982,-2092
125962,-2092
125942,-2092
125922,-2092
126302,-2092
126282,-2092
126262,-2092
126242,-2092
126222,-2092
126202,-2092
126182,-2092
126162,-2092
126142,-2092
126122,-2092
126502,-2092
126482,-2092
126462,-2092
126442,-2092
126422,-2092
126402,-2092
126382,-2092
126362,-2092
126342,-2092
126322,-2092
126702,-2085
126682,-2085
126662,-2087
126642,-2089
126622,-2091
126602,-2092
126582,-2092
126562,-2092
126542,-2092
126522,-2092
126902,-2065
126882,-2069
126862,-2069
126842,-2071
126822,-2074
126802,-2078
126782,-2077
126762,-2079
126742,-2082
126722,-2085
127102,-2050
127082,-2051
127062,-2052
127042,-2054
127022,-2053
127002,-2055
126982,-2057
126962,-2060
126942,-2061
126922,-2063
127302,-2050
127282,-2050
127262,-2050
127242,-2050
127222,-2050
127202,-2050
127182,-2050
127162,-2050
127142,-2050
127122,-2050
127502,-2050
127482,-2050
127462,-2050
127442,-2050
127422,-2050
127402,-2050
127382,-2050
127362,-2050
127342,-2050
127322,-2050
127702,-2050
127682,-2050
127662,-2050
127642,-2050
127622,-2050
127602,-2050
127582,-2050
127562,-2050
127542,-2050
127522,-2050
127902,-2050
127882,-2050
127862,-2050
127842,-2050
127822,-2050
127802,-2050
127782,-2050
127762,-2050
127742,-2050
127722,-2050
128102,-2033
128082,-2037
128062,-2037
128042,-2041
128022,-2045
128002,-2045
127982,-2047
127962,-2048
127942,-2050
127922,-2050
128302,-2006
128282,-2005
128262,-2008
128242,-2012
128222,-2013
128202,-2017
128182,-2022
128162,-2023
128142,-2027
128122,-2029
128502,-1997
128482,-1997
128462,-1997
128442,-1997
128422,-1997
128402,-1997
128382,-1998
128362,-2000
128342,-2001
128322,-2003
128702,-1997
128682,-1997
128662,-1997
128642,-1997
128622,-1997
128602,-1997
128582,-1997
128562,-1997
128542,-1997
128522,-1997
128902,-1997
128882,-1997
128862,-1997
128842,-1997
128822,-1997
128802,-1997
128782,-1997
128762,-1997
128742,-1997
128722,-1997
129102,-1995
129082,-1998
129062,-1997
129042,-1997
129022,-1997
129002,-1997
128982,-1997
128962,-1997
128942,-1997
128922,-1997
129302,-1964
129282,-1966
129262,-1967
129242,-1971
129222,-1973
129202,-1977
129182,-1982
129162,-1985
129142,-1990
129122,-1991
129502,-1962
129482,-1962
129462,-1962
129442,-1962
129422,-1962
129402,-1962
129382,-1962
129362,-1962
129342,-1962
129322,-1962
129702,-1962
129682,-1962
129662,-1962
129642,-1962
129622,-1962
129602,-1962
129582,-1962
129562,-1962
129542,-1962
129522,-1962
129902,-1962
129882,-1962
129862,-1962
129842,-1962
129822,-1962
129802,-1962
129782,-1962
129762,-1962
129742,-1962
129722,-1962
130102,-1973
130082,-1972
130062,-1967
130042,-1965
130022,-1965
130002,-1963
129982,-1962
129962,-1962
129942,-1962
129922,-1962
130302,-2006
130282,-2005
130262,-2001
130242,-1997
130222,-1997
130202,-1992
130182,-1990
130162,-1985
130142,-1981
130122,-1978
130502,-2006
130482,-2006
130462,-2006
130442,-2005
130422,-2005
130402,-2005
130382,-2005
130362,-2005
130342,-2005
130322,-2005
130702,-2006
130682,-2006
130662,-2006
130642,-2006
130622,-2006
130602,-2006
130582,-2006
130562,-2006
130542,-2006
130522,-2006
130902,-2006
130882,-2006
130862,-2006
130842,-2006
130822,-2006
130802,-2006
130782,-2006
130762,-2006
130742,-2006
130722,-2006
131102,-2021
131082,-2015
131062,-2014
131042,-2009
131022,-2006
131002,-2006
130982,-2006
130962,-2006
130942,-2006
130922,-2006
131302,-2054
131282,-2052
131262,-2049
131242,-2045
131222,-2045
131202,-2039
131182,-2038
131162,-2032
131142,-2029
131122,-2023
131502,-2053
131482,-2053
131462,-2053
131442,-2053
131422,-2053
131402,-2053
131382,-2053
131362,-2053
131342,-2053
131322,-2053
131702,-2053
131682,-2053
131662,-2053
131642,-2053
131622,-2053
131602,-2053
131582,-2053
131562,-2053
131542,-2053
131522,-2053
131902,-2053
131882,-2053
131862,-2053
131842,-2053
131822,-2053
131802,-2053
131782,-2053
131762,-2053
131742,-2053
131722,-2053
132102,-2075
132082,-2069
132062,-2068
132042,-2063
132022,-2062
132002,-2058
131982,-2055
131962,-2053
131942,-2053
131922,-2053
132302,-2102
132282,-2101
132262,-2102
132242,-2099
132222,-2096
132202,-2093
132182,-2091
132162,-2085
132142,-2083
132122,-2077
132502,-2101
132482,-2103
132462,-2103
132442,-2103
132422,-2103
132402,-2103
132382,-2103
132362,-2103
132342,-2103
132322,-2103
132702,-2101
132682,-2101
132662,-2101
132642,-2101
132622,-2101
132602,-2101
132582,-2101
132562,-2101
132542,-2101
132522,-2101
132902,-2101
132882,-2101
132862,-2101
132842,-2101
132822,-2101
132802,-2101
132782,-2101
132762,-2101
132742,-2101
132722,-2101
133102,-2125
133082,-2123
133062,-2118
133042,-2116
133022,-2111
133002,-2110
132982,-2106
132962,-2103
132942,-2101
132922,-2101
133302,-2157
133282,-2157
133262,-2154
133242,-2151
133222,-2150
133202,-2145
133182,-2141
133162,-2138
133142,-2133
133122,-2131
133502,-2157
133482,-2157
133462,-2157
133442,-2159
133422,-2159
133402,-2159
133382,-2159
133362,-2159
133342,-2159
133322,-2157
133702,-2156
133682,-2156
133662,-2156
133642,-2156
133622,-2156
133602,-2156
133582,-2157
133562,-2158
133542,-2158
133522,-2158
133902,-2156
133882,-2156
133862,-2156
133842,-2156
133822,-2156
133802,-2156
133782,-2156
133762,-2156
133742,-2156
133722,-2156
134102,-2125
134082,-2132
134062,-2135
134042,-2142
134022,-2144
134002,-2149
133982,-2149
133962,-2153
133942,-2155
133922,-2156
134302,-2089
134282,-2092
134262,-2093
134242,-2095
134222,-2100
134202,-2101
134182,-2107
134162,-2111
134142,-2118
134122,-2121
134502,-2085
134482,-2085
134462,-2085
134442,-2085
134422,-2085
134402,-2085
134382,-2085
134362,-2085
134342,-2086
134322,-2088
134702,-2088
134682,-2088
134662,-2088
134642,-2088
134622,-2087
134602,-2087
134582,-2086
134562,-2086
134542,-2085
134522,-2085
134902,-2086
134882,-2085
134862,-2087
134842,-2088
134822,-2088
134802,-2088
134782,-2088
134762,-2088
134742,-2088
134722,-2088
135102,-2049
135082,-2053
135062,-2057
135042,-2061
135022,-2066
135002,-2069
134982,-2073
134962,-2078
134942,-2079
134922,-2083
135302,-2034
135282,-2034
135262,-2034
135242,-2035
135222,-2036
135202,-2038
135182,-2037
135162,-2039
135142,-2043
135122,-2045
135502,-2035
135482,-2035
135462,-2034
135442,-2034
135422,-2034
135402,-2034
135382,-2034
135362,-2034
135342,-2034
135322,-2034
135702,-2036
135682,-2036
135662,-2036
135642,-2036
135622,-2036
135602,-2036
135582,-2036
135562,-2035
135542,-2035
135522,-2035
135902,-2027
135882,-2030
135862,-2031
135842,-2033
135822,-2034
135802,-2036
135782,-2036
135762,-2036
135742,-2036
135722,-2036
136102,-1989
136082,-1991
136062,-1995
136042,-1998
136022,-2004
136002,-2007
135982,-2013
135962,-2015
135942,-2021
135922,-2023
136302,-1974
136282,-1974
136262,-1973
136242,-1973
136222,-1975
136202,-1977
136182,-1979
136162,-1982
136142,-1981
136122,-1985
136502,-1975
136482,-1973
136462,-1974
136442,-1974
136422,-1974
136402,-1974
136382,-1974
136362,-1974
136342,-1974
136322,-1974
136702,-1992
136682,-1989
136662,-1990
136642,-1987
136622,-1985
136602,-1982
136582,-1981
136562,-1981
136542,-1979
136522,-1977
136902,-2011
136882,-2008
136862,-2005
136842,-2006
136822,-2004
136802,-2002
136782,-1999
136762,-1997
136742,-1997
136722,-1995
137102,-2024
137082,-2022
137062,-2021
137042,-2022
137022,-2020
137002,-2018
136982,-2016
136962,-2013
136942,-2013
136922,-2013
137302,-2034
137282,-2033
137262,-2031
137242,-2030
137222,-2029
137202,-2029
137182,-2030
137162,-2029
137142,-2027
137122,-2026
137502,-2038
137482,-2038
137462,-2038
137442,-2037
137422,-2036
137402,-2036
137382,-2035
137362,-2035
137342,-2034
137322,-2034
137702,-2078
137682,-2071
137662,-2068
137642,-2061
137622,-2059
137602,-2053
137582,-2051
137562,-2045
137542,-2044
137522,-2040
137902,-2095
137882,-2095
137862,-2095
137842,-2095
137822,-2094
137802,-2093
137782,-2093
137762,-2088
137742,-2086
137722,-2081
138102,-2046
138082,-2051
138062,-2057
138042,-2063
138022,-2069
138002,-2077
137982,-2081
137962,-2085
137942,-2090
137922,-2094
138302,-2012
138282,-2012
138262,-2012
138242,-2014
138222,-2013
138202,-2018
138182,-2021
138162,-2027
138142,-2031
138122,-2037
138502,-2054
138482,-2049
138462,-2044
138442,-2038
138422,-2031
138402,-2027
138382,-2021
138362,-2018
138342,-2014
138322,-2013
138702,-2088
138682,-2088
138662,-2087
138642,-2085
138622,-2085
138602,-2080
138582,-2078
138562,-2071
138542,-2067
138522,-2062
138902,-2054
138882,-2059
138862,-2064
138842,-2069
138822,-2075
138802,-2078
138782,-2083
138762,-2085
138742,-2088
138722,-2088
139102,-2002
139082,-2006
139062,-2008
139042,-2014
139022,-2018
139002,-2023
138982,-2030
138962,-2035
138942,-2040
138922,-2046
139302,-2017
139282,-2014
139262,-2007
139242,-2005
139222,-2001
139202,-1998
139182,-1998
139162,-1998
139142,-1998
139122,-1999
139502,-2073
139482,-2070
139462,-2063
139442,-2058
139422,-2053
139402,-2045
139382,-2039
139362,-2034
139342,-2029
139322,-2021
139702,-2080
139682,-2084
139662,-2085
139642,-2085
139622,-2085
139602,-2085
139582,-2086
139562,-2085
139542,-2081
139522,-2077
139902,-2029
139882,-2035
139862,-2040
139842,-2045
139822,-2054
139802,-2058
139782,-2062
139762,-2069
139742,-2072
139722,-2078
140102,-1994
140082,-1995
140062,-1998
140042,-1997
140022,-2001
140002,-2006
139982,-2009
139962,-2013
139942,-2020
139922,-2024
140302,-2027
140282,-2022
140262,-2015
140242,-2010
140222,-2006
140202,-2001
140182,-1997
140162,-1995
140142,-1994
140122,-1994
140502,-2085
140482,-2079
140462,-2075
140442,-2069
140422,-2063
140402,-2059
140382,-2053
140362,-2045
140342,-2039
140322,-2033
140702,-2086
140682,-2087
140662,-2091
140642,-2094
140622,-2094
140602,-2094
140582,-2093
140562,-2092
140542,-2090
140522,-2087
140902,-2032
140882,-2037
140862,-2045
140842,-2049
140822,-2055
140802,-2062
140782,-2066
140762,-2070
140742,-2077
140722,-2080
141102,-1989
141082,-1992
141062,-1996
141042,-1998
141022,-2003
141002,-2006
140982,-2013
140962,-2016
140942,-2021
140922,-2027
141302,-1973
141282,-1974
141262,-1973
141242,-1975
141222,-1977
141202,-1980
141182,-1982
141162,-1981
141142,-1984
141122,-1987
141502,-1965
141482,-1965
141462,-1965
141442,-1965
141422,-1965
141402,-1966
141382,-1968
141362,-1969
141342,-1970
141322,-1971
141702,-1992
141682,-1988
141662,-1981
141642,-1979
141622,-1973
141602,-1973
141582,-1970
141562,-1967
141542,-1965
141522,-1965
141902,-2070
141882,-2062
141862,-2054
141842,-2045
141822,-2037
141802,-2029
141782,-2021
141762,-2014
141742,-2006
141722,-1997
142102,-2141
142082,-2135
142062,-2130
142042,-2124
142022,-2118
142002,-2110
141982,-2102
141962,-2093
141942,-2085
141922,-2077
142302,-2190
142282,-2188
142262,-2182
142242,-2179
142222,-2173
142202,-2170
142182,-2166
142162,-2159
142142,-2154
142122,-2150
142502,-2214
142482,-2214
142462,-2213
142442,-2211
142422,-2209
142402,-2205
142382,-2205
142362,-2201
142342,-2197
142322,-2195
142702,-2178
142682,-2184
142662,-2189
142642,-2198
142622,-2200
142602,-2206
142582,-2207
142562,-2210
142542,-2213
142522,-2214
142902,-2096
142882,-2103
142862,-2111
142842,-2120
142822,-2129
142802,-2137
142782,-2146
142762,-2155
142742,-2163
142722,-2171
143102,-2035
143082,-2039
143062,-2046
143042,-2049
143022,-2055
143002,-2062
142982,-2067
142962,-2073
142942,-2081
142922,-2088
143302,-2005
143282,-2006
143262,-2005
143242,-2009
143222,-2013
143202,-2014
143182,-2019
143162,-2021
143142,-2027
143122,-2029
143502,-2026
143482,-2022
143462,-2016
143442,-2014
143422,-2009
143402,-2005
143382,-2005
143362,-2004
143342,-2004
143322,-2004
143702,-2093
143682,-2085
143662,-2079
143642,-2071
143622,-2064
143602,-2057
143582,-2051
143562,-2045
143542,-2037
143522,-2030
143902,-2162
143882,-2155
143862,-2146
143842,-2141
143822,-2133
143802,-2128
143782,-2122
143762,-2116
143742,-2110
143722,-2102
144102,-2184
144082,-2184
144062,-2183
144042,-2182
144022,-2179
144002,-2177
143982,-2177
143962,-2172
143942,-2170
143922,-2165
144302,-2179
144282,-2179
144262,-2179
144242,-2180
144222,-2180
144202,-2181
144182,-2182
144162,-2183
144142,-2184
144122,-2184
144502,-2177
144482,-2177
144462,-2177
144442,-2177
144422,-2177
144402,-2177
144382,-2177
144362,-2177
144342,-2177
144322,-2178
144702,-2177
144682,-2177
144662,-2177
144642,-2177
144622,-2177
144602,-2177
144582,-2177
144562,-2177
144542,-2177
144522,-2177
144902,-2177
144882,-2177
144862,-2177
144842,-2177
144822,-2177
144802,-2177
144782,-2177
144762,-2177
144742,-2177
144722,-2177
145102,-2177
145082,-2177
145062,-2177
145042,-2177
145022,-2177
145002,-2177
144982,-2177
144962,-2177
144942,-2177
144922,-2177
145302,-2177
145282,-2177
145262,-2177
145242,-2177
145222,-2177
145202,-2177
145182,-2177
145162,-2177
145142,-2177
145122,-2177
145502,-2177
145482,-2177
145462,-2177
145442,-2177
145422,-2177
145402,-2177
145382,-2177
145362,-2177
145342,-2177
145322,-2177
145702,-2177
145682,-2177
145662,-2177
145642,-2177
145622,-2177
145602,-2177
145582,-2177
145562,-2177
145542,-2177
145522,-2177
145902,-2177
145882,-2177
145862,-2177
145842,-2177
145822,-2177
145802,-2177
145782,-2177
145762,-2177
145742,-2177
145722,-2177
146102,-2177
146082,-2177
146062,-2177
146042,-2177
146022,-2177
146002,-2177
145982,-2177
145962,-2177
145942,-2177
145922,-2177
146302,-2177
146282,-2177
146262,-2177
146242,-2177
146222,-2177
146202,-2177
146182,-2177
146162,-2177
146142,-2177
146122,-2177
146502,-2177
146482,-2177
146462,-2177
146442,-2177
146422,-2177
146402,-2177
146382,-2177
146362,-2177
146342,-2177
146322,-2177
146702,-2177
146682,-2177
146662,-2177
146642,-2177
146622,-2177
146602,-2177
146582,-2177
146562,-2177
146542,-2177
146522,-2177
146902,-2177
146882,-2177
146862,-2177
146842,-2177
146822,-2177
146802,-2177
146782,-2177
146762,-2177
146742,-2177
146722,-2177
147102,-2177
147082,-2177
147062,-2177
147042,-2177
147022,-2177
147002,-2177
146982,-2177
146962,-2177
146942,-2177
146922,-2177
147302,-2177
147282,-2177
147262,-2177
147242,-2177
147222,-2177
147202,-2177
147182,-2177
147162,-2177
147142,-2177
147122,-2177
147502,-2177
147482,-2177
147462,-2177
147442,-2177
147422,-2177
147402,-2177
147382,-2177
147362,-2177
147342,-2177
147322,-2177
147702,-2177
147682,-2177
147662,-2177
147642,-2177
147622,-2177
147602,-2177
147582,-2177
147562,-2177
147542,-2177
147522,-2177
147902,-2177
147882,-2177
147862,-2177
147842,-2177
147822,-2177
147802,-2177
147782,-2177
147762,-2177
147742,-2177
147722,-2177
148102,-2177
148082,-2177
148062,-2177
148042,-2177
148022,-2177
148002,-2177
147982,-2177
147962,-2177
147942,-2177
147922,-2177
148302,-2177
148282,-2177
148262,-2177
148242,-2177
148222,-2177
148202,-2177
148182,-2177
148162,-2177
148142,-2177
148122,-2177
148502,-2177
148482,-2177
148462,-2177
148442,-2177
148422,-2177
148402,-2177
148382,-2177
148362,-2177
148342,-2177
148322,-2177
148702,-2177
148682,-2177
148662,-2177
148642,-2177
148622,-2177
148602,-2177
148582,-2177
148562,-2177
148542,-2177
148522,-2177
148902,-2177
148882,-2177
148862,-2177
148842,-2177
148822,-2177
148802,-2177
148782,-2177
148762,-2177
148742,-2177
148722,-2177
149102,-2177
149082,-2177
149062,-2177
149042,-2177
149022,-2177
149002,-2177
148982,-2177
148962,-2177
148942,-2177
148922,-2177
149302,-2177
149282,-2177
149262,-2177
149242,-2177
149222,-2177
149202,-2177
149182,-2177
149162,-2177
149142,-2177
149122,-2177
149502,-2177
149482,-2177
149462,-2177
149442,-2177
149422,-2177
149402,-2177
149382,-2177
149362,-2177
149342,-2177
149322,-2177
149702,-2177
149682,-2177
149662,-2177
149642,-2177
149622,-2177
149602,-2177
149582,-2177
149562,-2177
149542,-2177
149522,-2177
149902,-2177
149882,-2177
149862,-2177
149842,-2177
149822,-2177
149802,-2177
149782,-2177
149762,-2177
149742,-2177
149722,-2177
150102,-2177
150082,-2177
150062,-2177
150042,-2177
150022,-2177
150002,-2177
149982,-2177
149962,-2177
149942,-2177
149922,-2177
150302,-2177
150282,-2177
150262,-2177
150242,-2177
150222,-2177
150202,-2177
150182,-2177
150162,-2177
150142,-2177
150122,-2177
150502,-2177
150482,-2177
150462,-2177
150442,-2177
150422,-2177
150402,-2177
150382,-2177
150362,-2177
150342,-2177
150322,-2177
150702,-2177
150682,-2177
150662,-2177
150642,-2177
150622,-2177
150602,-2177
150582,-2177
150562,-2177
150542,-2177
150522,-2177
150902,-2177
150882,-2177
150862,-2177
150842,-2177
150822,-2177
150802,-2177
150782,-2177
150762,-2177
150742,-2177
150722,-2177
